<?xml version="1.0" encoding="utf-8"?><testsuites name="pytest tests"><testsuite name="pytest" errors="0" failures="0" skipped="0" tests="14" time="9.507" timestamp="2026-03-26T04:41:18.834082+00:00" hostname="agent-env-f03fc117-dac5-4a1b-846c-3a8e98f194f2"><testcase classname="tests.test_iteration27_modular_routers.TestHealthCheck" name="test_health_endpoint" time="0.175" /><testcase classname="tests.test_iteration27_modular_routers.TestAuthRouter" name="test_dev_login_parent" time="0.226" /><testcase classname="tests.test_iteration27_modular_routers.TestAuthRouter" name="test_child_login" time="0.106" /><testcase classname="tests.test_iteration27_modular_routers.TestChoresRouter" name="test_get_chores" time="0.338" /><testcase classname="tests.test_iteration27_modular_routers.TestWallRouter" name="test_get_family_wall" time="0.391" /><testcase classname="tests.test_iteration27_modular_routers.TestMessagesRouter" name="test_get_messages" time="0.291" /><testcase classname="tests.test_iteration27_modular_routers.TestCalendarRouter" name="test_get_events" time="0.323" /><testcase classname="tests.test_iteration27_modular_routers.TestShoppingRouter" name="test_get_shopping" time="0.321" /><testcase classname="tests.test_iteration27_modular_routers.TestWeatherRouter" name="test_get_weather" time="0.267" /><testcase classname="tests.test_iteration27_modular_routers.TestNotificationsRouter" name="test_get_notifications" time="0.311" /><testcase classname="tests.test_iteration27_modular_routers.TestNotificationsRouter" name="test_get_unread_count" time="0.295" /><testcase classname="tests.test_iteration27_modular_routers.TestNotificationsRouter" name="test_mark_all_read" time="0.328" /><testcase classname="tests.test_iteration27_modular_routers.TestNotificationsRouter" name="test_clear_notifications" time="0.439" /><testcase classname="tests.test_iteration27_modular_routers.TestAIRouter" name="test_pixie_proactive_suggestions" time="5.619" /></testsuite></testsuites>