<?xml version="1.0" encoding="utf-8"?><testsuites name="pytest tests"><testsuite name="pytest" errors="0" failures="0" skipped="0" tests="23" time="43.775" timestamp="2026-02-07T00:48:27.199627+00:00" hostname="agent-env-cd3dc0c4-25ce-4dc4-9272-33b66081496b"><testcase classname="backend.tests.test_iteration15_ai_features.TestHealthCheck" name="test_health_endpoint" time="0.080" /><testcase classname="backend.tests.test_iteration15_ai_features.TestDevLogin" name="test_dev_login_parent" time="0.078" /><testcase classname="backend.tests.test_iteration15_ai_features.TestDevLogin" name="test_dev_login_child" time="0.046" /><testcase classname="backend.tests.test_iteration15_ai_features.TestAIMealPlan" name="test_ai_meal_plan_basic" time="11.165" /><testcase classname="backend.tests.test_iteration15_ai_features.TestAIMealPlan" name="test_ai_meal_plan_with_preferences" time="8.140" /><testcase classname="backend.tests.test_iteration15_ai_features.TestAIMealPlan" name="test_ai_meal_plan_unauthorized" time="0.119" /><testcase classname="backend.tests.test_iteration15_ai_features.TestAIChoreTips" name="test_ai_chore_tips_basic" time="3.849" /><testcase classname="backend.tests.test_iteration15_ai_features.TestAIChoreTips" name="test_ai_chore_tips_different_chore" time="3.469" /><testcase classname="backend.tests.test_iteration15_ai_features.TestAIChoreTips" name="test_ai_chore_tips_unauthorized" time="0.116" /><testcase classname="backend.tests.test_iteration15_ai_features.TestAIFamilyActivity" name="test_ai_family_activity_basic" time="7.459" /><testcase classname="backend.tests.test_iteration15_ai_features.TestAIFamilyActivity" name="test_ai_family_activity_indoor" time="7.339" /><testcase classname="backend.tests.test_iteration15_ai_features.TestAIFamilyActivity" name="test_ai_family_activity_unauthorized" time="0.121" /><testcase classname="backend.tests.test_iteration15_ai_features.TestPointsAdjustment" name="test_add_points_positive" time="0.176" /><testcase classname="backend.tests.test_iteration15_ai_features.TestPointsAdjustment" name="test_deduct_points_negative" time="0.211" /><testcase classname="backend.tests.test_iteration15_ai_features.TestPointsAdjustment" name="test_points_floor_at_zero" time="0.130" /><testcase classname="backend.tests.test_iteration15_ai_features.TestPointsAdjustment" name="test_child_cannot_modify_points" time="0.135" /><testcase classname="backend.tests.test_iteration15_ai_features.TestShoppingList" name="test_add_shopping_item_parent" time="0.140" /><testcase classname="backend.tests.test_iteration15_ai_features.TestShoppingList" name="test_add_shopping_item_child" time="0.146" /><testcase classname="backend.tests.test_iteration15_ai_features.TestShoppingList" name="test_get_shopping_list" time="0.132" /><testcase classname="backend.tests.test_iteration15_ai_features.TestChores" name="test_get_chores_list" time="0.140" /><testcase classname="backend.tests.test_iteration15_ai_features.TestChores" name="test_create_chore_parent" time="0.140" /><testcase classname="backend.tests.test_iteration15_ai_features.TestChores" name="test_create_chore_child_forbidden" time="0.145" /><testcase classname="backend.tests.test_iteration15_ai_features.TestChores" name="test_claim_unassigned_chore" time="0.213" /></testsuite></testsuites>