<?xml version="1.0" encoding="utf-8"?><testsuites name="pytest tests"><testsuite name="pytest" errors="0" failures="0" skipped="0" tests="11" time="7.339" timestamp="2026-03-26T11:54:32.107185+00:00" hostname="agent-env-f03fc117-dac5-4a1b-846c-3a8e98f194f2"><testcase classname="tests.test_iteration29_bugfixes.TestWSTokenEndpoint" name="test_ws_token_returns_token_when_authenticated" time="4.341" /><testcase classname="tests.test_iteration29_bugfixes.TestWSTokenEndpoint" name="test_ws_token_fails_without_auth" time="0.350" /><testcase classname="tests.test_iteration29_bugfixes.TestFamilyWallPolls" name="test_get_family_wall_returns_posts" time="0.327" /><testcase classname="tests.test_iteration29_bugfixes.TestFamilyWallPolls" name="test_create_poll_and_verify_post_type" time="0.449" /><testcase classname="tests.test_iteration29_bugfixes.TestFamilyWallPolls" name="test_vote_on_poll" time="0.301" /><testcase classname="tests.test_iteration29_bugfixes.TestFamilyWallPolls" name="test_cannot_vote_twice" time="0.366" /><testcase classname="tests.test_iteration29_bugfixes.TestHealthAndBasicEndpoints" name="test_health_check" time="0.110" /><testcase classname="tests.test_iteration29_bugfixes.TestHealthAndBasicEndpoints" name="test_dev_login" time="0.208" /><testcase classname="tests.test_iteration29_bugfixes.TestNotifications" name="test_notifications_unread_count" time="0.257" /><testcase classname="tests.test_iteration29_bugfixes.TestNotifications" name="test_notifications_list" time="0.316" /><testcase classname="tests.test_iteration29_bugfixes.TestDailyDigest" name="test_daily_quote" time="0.240" /></testsuite></testsuites>