<?xml version="1.0" encoding="utf-8"?><testsuites name="pytest tests"><testsuite name="pytest" errors="0" failures="0" skipped="0" tests="13" time="15.221" timestamp="2026-02-07T00:28:39.334437+00:00" hostname="agent-env-cd3dc0c4-25ce-4dc4-9272-33b66081496b"><testcase classname="backend.tests.test_p1_fixes_iteration14.TestDevLoginP1" name="test_dev_login_parent_role" time="0.114" /><testcase classname="backend.tests.test_p1_fixes_iteration14.TestDevLoginP1" name="test_dev_login_child_role" time="0.035" /><testcase classname="backend.tests.test_p1_fixes_iteration14.TestPointsAdjustmentP1" name="test_add_points_positive_amount" time="0.111" /><testcase classname="backend.tests.test_p1_fixes_iteration14.TestPointsAdjustmentP1" name="test_deduct_points_negative_amount" time="0.080" /><testcase classname="backend.tests.test_p1_fixes_iteration14.TestPointsAdjustmentP1" name="test_points_cannot_go_below_zero" time="0.039" /><testcase classname="backend.tests.test_p1_fixes_iteration14.TestPointsAdjustmentP1" name="test_child_cannot_modify_own_points" time="0.035" /><testcase classname="backend.tests.test_p1_fixes_iteration14.TestShoppingListP1" name="test_add_shopping_item_as_parent" time="0.035" /><testcase classname="backend.tests.test_p1_fixes_iteration14.TestShoppingListP1" name="test_add_shopping_item_as_child" time="0.041" /><testcase classname="backend.tests.test_p1_fixes_iteration14.TestShoppingListP1" name="test_get_shopping_list" time="0.035" /><testcase classname="backend.tests.test_p1_fixes_iteration14.TestDinnerSuggestP1" name="test_dinner_suggest_with_preferences" time="7.381" /><testcase classname="backend.tests.test_p1_fixes_iteration14.TestDinnerSuggestP1" name="test_dinner_suggest_quick_meal" time="6.860" /><testcase classname="backend.tests.test_p1_fixes_iteration14.TestReadingLogsP1" name="test_reading_log_with_book_title" time="0.061" /><testcase classname="backend.tests.test_p1_fixes_iteration14.TestReadingLogsP1" name="test_reading_log_with_book_name" time="0.331" /></testsuite></testsuites>