<?xml version="1.0" encoding="utf-8"?><testsuites name="pytest tests"><testsuite name="pytest" errors="0" failures="0" skipped="0" tests="16" time="0.765" timestamp="2026-02-04T04:06:37.360280+00:00" hostname="agent-env-8f90de41-f74b-4c16-8413-7cae11975fee"><testcase classname="backend.tests.test_family_management.TestFamilyEndpointsAuth" name="test_get_families_requires_auth" time="0.058" /><testcase classname="backend.tests.test_family_management.TestFamilyEndpointsAuth" name="test_create_family_requires_auth" time="0.035" /><testcase classname="backend.tests.test_family_management.TestFamilyEndpointsAuth" name="test_pending_invites_requires_auth" time="0.031" /><testcase classname="backend.tests.test_family_management.TestGetFamilies" name="test_get_families_authenticated" time="0.035" /><testcase classname="backend.tests.test_family_management.TestCreateFamily" name="test_create_family_success" time="0.039" /><testcase classname="backend.tests.test_family_management.TestCreateFamily" name="test_verify_family_in_list" time="0.040" /><testcase classname="backend.tests.test_family_management.TestFamilyInvite" name="test_invite_to_family" time="0.039" /><testcase classname="backend.tests.test_family_management.TestFamilyInvite" name="test_get_pending_invites" time="0.040" /><testcase classname="backend.tests.test_family_management.TestFamilyInvite" name="test_decline_invite" time="0.037" /><testcase classname="backend.tests.test_family_management.TestFamilyInvite" name="test_create_and_accept_invite" time="0.112" /><testcase classname="backend.tests.test_family_management.TestSwitchFamily" name="test_switch_family_success" time="0.039" /><testcase classname="backend.tests.test_family_management.TestSwitchFamily" name="test_switch_to_non_member_family_fails" time="0.040" /><testcase classname="backend.tests.test_family_management.TestLeaveFamily" name="test_leave_family_success" time="0.037" /><testcase classname="backend.tests.test_family_management.TestLeaveFamily" name="test_cannot_leave_own_family" time="0.039" /><testcase classname="backend.tests.test_family_management.TestInviteEdgeCases" name="test_accept_nonexistent_invite" time="0.036" /><testcase classname="backend.tests.test_family_management.TestInviteEdgeCases" name="test_decline_nonexistent_invite" time="0.037" /></testsuite></testsuites>