<?xml version="1.0" encoding="utf-8"?><testsuites name="pytest tests"><testsuite name="pytest" errors="0" failures="0" skipped="0" tests="18" time="1.667" timestamp="2026-02-03T23:23:16.720973+00:00" hostname="agent-env-1376087d-c2a2-4ab2-ac1f-454e6fb99516"><testcase classname="backend.tests.test_famfocus_v2.TestEventTypes" name="test_create_event_with_type_appointment" time="0.495" /><testcase classname="backend.tests.test_famfocus_v2.TestEventTypes" name="test_create_event_with_type_event" time="0.038" /><testcase classname="backend.tests.test_famfocus_v2.TestEventTypes" name="test_create_event_with_type_task" time="0.038" /><testcase classname="backend.tests.test_famfocus_v2.TestEventTypes" name="test_filter_events_by_type" time="0.036" /><testcase classname="backend.tests.test_famfocus_v2.TestWorkSchedule" name="test_create_work_schedule_event" time="0.077" /><testcase classname="backend.tests.test_famfocus_v2.TestWorkSchedule" name="test_create_work_schedule_via_dedicated_endpoint" time="0.037" /><testcase classname="backend.tests.test_famfocus_v2.TestWorkSchedule" name="test_filter_work_schedules" time="0.038" /><testcase classname="backend.tests.test_famfocus_v2.TestGeofencing" name="test_create_geofence" time="0.033" /><testcase classname="backend.tests.test_famfocus_v2.TestGeofencing" name="test_get_geofences" time="0.035" /><testcase classname="backend.tests.test_famfocus_v2.TestGeofencing" name="test_delete_geofence" time="0.051" /><testcase classname="backend.tests.test_famfocus_v2.TestRewardsCRUD" name="test_create_reward" time="0.037" /><testcase classname="backend.tests.test_famfocus_v2.TestRewardsCRUD" name="test_update_reward_points" time="0.043" /><testcase classname="backend.tests.test_famfocus_v2.TestRewardsCRUD" name="test_delete_reward" time="0.049" /><testcase classname="backend.tests.test_famfocus_v2.TestRewardsCRUD" name="test_get_rewards" time="0.036" /><testcase classname="backend.tests.test_famfocus_v2.TestNotifications" name="test_get_notifications" time="0.037" /><testcase classname="backend.tests.test_famfocus_v2.TestNotifications" name="test_report_gps_disabled" time="0.042" /><testcase classname="backend.tests.test_famfocus_v2.TestChorePointsModification" name="test_approve_chore_with_modified_points" time="0.054" /><testcase classname="backend.tests.test_famfocus_v2.TestCheckins" name="test_create_checkin" time="0.422" /></testsuite></testsuites>