<?xml version="1.0" encoding="utf-8"?><testsuites name="pytest tests"><testsuite name="pytest" errors="0" failures="0" skipped="0" tests="10" time="9.390" timestamp="2026-03-26T22:34:05.112592+00:00" hostname="agent-env-77e86c82-839a-49d5-b1ac-75206afe9330"><testcase classname="backend.tests.test_iteration_33.TestRoleChangeToHomehub" name="test_change_role_to_homehub" time="0.972" /><testcase classname="backend.tests.test_iteration_33.TestRoleChangeToHomehub" name="test_change_role_to_all_valid_roles" time="1.156" /><testcase classname="backend.tests.test_iteration_33.TestCredentialsUpdate" name="test_update_all_credential_fields" time="1.080" /><testcase classname="backend.tests.test_iteration_33.TestCredentialsUpdate" name="test_update_name_only" time="0.814" /><testcase classname="backend.tests.test_iteration_33.TestCredentialsUpdate" name="test_update_email_for_google_signin" time="1.022" /><testcase classname="backend.tests.test_iteration_33.TestFamilyNameUpdate" name="test_update_family_name" time="0.962" /><testcase classname="backend.tests.test_iteration_33.TestInviteWithHomehubRole" name="test_invite_with_homehub_role" time="0.678" /><testcase classname="backend.tests.test_iteration_33.TestPINVerificationForHomehub" name="test_verify_pin_endpoint_works" time="1.017" /><testcase classname="backend.tests.test_iteration_33.TestFamilyMembersEndpoint" name="test_members_have_required_fields" time="0.852" /><testcase classname="backend.tests.test_iteration_33.TestUserRoleEndpoint" name="test_user_role_accepts_homehub" time="0.785" /></testsuite></testsuites>