<?xml version="1.0" encoding="utf-8"?><testsuites name="pytest tests"><testsuite name="pytest" errors="0" failures="0" skipped="0" tests="18" time="15.308" timestamp="2026-02-04T01:43:42.654337+00:00" hostname="agent-env-451ac71f-d366-4fe0-b7a6-938af9ba20d3"><testcase classname="backend.tests.test_iteration5_features.TestWeatherAPI" name="test_weather_returns_real_data" time="0.240" /><testcase classname="backend.tests.test_iteration5_features.TestWeatherAPI" name="test_weather_with_coordinates" time="0.178" /><testcase classname="backend.tests.test_iteration5_features.TestWeatherAPI" name="test_weather_condition_mapping" time="0.170" /><testcase classname="backend.tests.test_iteration5_features.TestGIFAPI" name="test_gif_search" time="0.086" /><testcase classname="backend.tests.test_iteration5_features.TestGIFAPI" name="test_gif_search_with_limit" time="0.113" /><testcase classname="backend.tests.test_iteration5_features.TestGIFAPI" name="test_gif_trending" time="0.068" /><testcase classname="backend.tests.test_iteration5_features.TestGIFAPI" name="test_gif_search_empty_query" time="0.072" /><testcase classname="backend.tests.test_iteration5_features.TestAIChoreScheduler" name="test_ai_schedule_requires_auth" time="0.039" /><testcase classname="backend.tests.test_iteration5_features.TestAIChoreScheduler" name="test_ai_schedule_generation" time="4.932" /><testcase classname="backend.tests.test_iteration5_features.TestAIChoreScheduler" name="test_get_chore_schedules" time="0.059" /><testcase classname="backend.tests.test_iteration5_features.TestAIChoreScheduler" name="test_ai_schedule_with_preferences" time="8.953" /><testcase classname="backend.tests.test_iteration5_features.TestChildNicknames" name="test_update_nickname_requires_auth" time="0.057" /><testcase classname="backend.tests.test_iteration5_features.TestChildNicknames" name="test_update_nickname" time="0.038" /><testcase classname="backend.tests.test_iteration5_features.TestChildNicknames" name="test_nickname_max_length" time="0.062" /><testcase classname="backend.tests.test_iteration5_features.TestChildNicknames" name="test_clear_nickname" time="0.048" /><testcase classname="backend.tests.test_iteration5_features.TestChildNicknames" name="test_nickname_user_not_found" time="0.037" /><testcase classname="backend.tests.test_iteration5_features.TestFamilyWallGIF" name="test_post_with_gif" time="0.038" /><testcase classname="backend.tests.test_iteration5_features.TestFamilyWallGIF" name="test_get_family_wall_posts" time="0.035" /></testsuite></testsuites>