<?xml version="1.0" encoding="utf-8"?><testsuites name="pytest tests"><testsuite name="pytest" errors="0" failures="0" skipped="0" tests="24" time="2.213" timestamp="2026-02-07T15:40:19.744998+00:00" hostname="agent-env-f804ab41-fa7a-4612-824c-3b198d8d8319"><testcase classname="backend.tests.test_iteration19_firebase_auth.TestHealthEndpoint" name="test_health_check_returns_200" time="0.110" /><testcase classname="backend.tests.test_iteration19_firebase_auth.TestDevLogin" name="test_dev_login_parent_role" time="0.079" /><testcase classname="backend.tests.test_iteration19_firebase_auth.TestDevLogin" name="test_dev_login_child_role" time="0.046" /><testcase classname="backend.tests.test_iteration19_firebase_auth.TestDevLogin" name="test_dev_login_default_role" time="0.075" /><testcase classname="backend.tests.test_iteration19_firebase_auth.TestFirebaseAuth" name="test_firebase_login_success" time="0.046" /><testcase classname="backend.tests.test_iteration19_firebase_auth.TestFirebaseAuth" name="test_firebase_login_missing_user_data" time="0.041" /><testcase classname="backend.tests.test_iteration19_firebase_auth.TestFirebaseAuth" name="test_firebase_login_missing_email" time="0.042" /><testcase classname="backend.tests.test_iteration19_firebase_auth.TestFirebaseAuth" name="test_firebase_login_existing_user" time="0.086" /><testcase classname="backend.tests.test_iteration19_firebase_auth.TestFirebaseAuth" name="test_firebase_signup_success" time="0.043" /><testcase classname="backend.tests.test_iteration19_firebase_auth.TestFirebaseAuth" name="test_firebase_signup_missing_user_data" time="0.080" /><testcase classname="backend.tests.test_iteration19_firebase_auth.TestFirebaseAuth" name="test_firebase_signup_missing_email" time="0.036" /><testcase classname="backend.tests.test_iteration19_firebase_auth.TestFirebaseAuth" name="test_firebase_signup_duplicate_email" time="0.086" /><testcase classname="backend.tests.test_iteration19_firebase_auth.TestTasksEndpoint" name="test_get_tasks_returns_200" time="0.114" /><testcase classname="backend.tests.test_iteration19_firebase_auth.TestTasksEndpoint" name="test_create_task_as_parent" time="0.131" /><testcase classname="backend.tests.test_iteration19_firebase_auth.TestTasksEndpoint" name="test_tasks_include_assignee_name" time="0.165" /><testcase classname="backend.tests.test_iteration19_firebase_auth.TestTasksEndpoint" name="test_tasks_unauthorized_without_token" time="0.045" /><testcase classname="backend.tests.test_iteration19_firebase_auth.TestLeaderboardEndpoint" name="test_leaderboard_default_all_time" time="0.110" /><testcase classname="backend.tests.test_iteration19_firebase_auth.TestLeaderboardEndpoint" name="test_leaderboard_all_time_filter" time="0.114" /><testcase classname="backend.tests.test_iteration19_firebase_auth.TestLeaderboardEndpoint" name="test_leaderboard_this_week_filter" time="0.117" /><testcase classname="backend.tests.test_iteration19_firebase_auth.TestLeaderboardEndpoint" name="test_leaderboard_this_month_filter" time="0.121" /><testcase classname="backend.tests.test_iteration19_firebase_auth.TestLeaderboardEndpoint" name="test_leaderboard_unauthorized_without_token" time="0.042" /><testcase classname="backend.tests.test_iteration19_firebase_auth.TestAuthMeEndpoint" name="test_auth_me_with_valid_token" time="0.140" /><testcase classname="backend.tests.test_iteration19_firebase_auth.TestAuthMeEndpoint" name="test_auth_me_with_firebase_token" time="0.082" /><testcase classname="backend.tests.test_iteration19_firebase_auth.TestAuthMeEndpoint" name="test_auth_me_without_token" time="0.044" /></testsuite></testsuites>