<?xml version="1.0" encoding="utf-8"?><testsuites name="pytest tests"><testsuite name="pytest" errors="0" failures="0" skipped="0" tests="64" time="51.101" timestamp="2026-02-07T15:50:09.542939+00:00" hostname="agent-env-f804ab41-fa7a-4612-824c-3b198d8d8319"><testcase classname="backend.tests.test_iteration20_comprehensive.TestHealthAndAuth" name="test_health_endpoint" time="0.080" /><testcase classname="backend.tests.test_iteration20_comprehensive.TestHealthAndAuth" name="test_dev_login_parent" time="0.079" /><testcase classname="backend.tests.test_iteration20_comprehensive.TestHealthAndAuth" name="test_dev_login_child" time="0.044" /><testcase classname="backend.tests.test_iteration20_comprehensive.TestHealthAndAuth" name="test_auth_me_with_token" time="0.137" /><testcase classname="backend.tests.test_iteration20_comprehensive.TestHealthAndAuth" name="test_auth_me_without_token" time="0.043" /><testcase classname="backend.tests.test_iteration20_comprehensive.TestFirebaseAuth" name="test_firebase_login_new_user" time="0.041" /><testcase classname="backend.tests.test_iteration20_comprehensive.TestFirebaseAuth" name="test_firebase_login_missing_email" time="0.040" /><testcase classname="backend.tests.test_iteration20_comprehensive.TestFirebaseAuth" name="test_firebase_signup_new_user" time="0.042" /><testcase classname="backend.tests.test_iteration20_comprehensive.TestFamilyMembers" name="test_get_family_members" time="0.146" /><testcase classname="backend.tests.test_iteration20_comprehensive.TestFamilyMembers" name="test_create_child_profile" time="0.104" /><testcase classname="backend.tests.test_iteration20_comprehensive.TestChoresCRUD" name="test_get_chores" time="0.144" /><testcase classname="backend.tests.test_iteration20_comprehensive.TestChoresCRUD" name="test_create_chore" time="0.105" /><testcase classname="backend.tests.test_iteration20_comprehensive.TestChoresCRUD" name="test_complete_chore" time="0.185" /><testcase classname="backend.tests.test_iteration20_comprehensive.TestChoresCRUD" name="test_approve_chore" time="0.186" /><testcase classname="backend.tests.test_iteration20_comprehensive.TestChoresCRUD" name="test_delete_chore" time="0.147" /><testcase classname="backend.tests.test_iteration20_comprehensive.TestChoresCRUD" name="test_get_chore_types" time="0.120" /><testcase classname="backend.tests.test_iteration20_comprehensive.TestTasksEndpoint" name="test_get_tasks" time="0.108" /><testcase classname="backend.tests.test_iteration20_comprehensive.TestTasksEndpoint" name="test_create_task" time="0.105" /><testcase classname="backend.tests.test_iteration20_comprehensive.TestRewardsShop" name="test_get_rewards" time="0.108" /><testcase classname="backend.tests.test_iteration20_comprehensive.TestRewardsShop" name="test_create_reward" time="0.110" /><testcase classname="backend.tests.test_iteration20_comprehensive.TestRewardsShop" name="test_update_reward" time="0.151" /><testcase classname="backend.tests.test_iteration20_comprehensive.TestRewardsShop" name="test_delete_reward" time="0.194" /><testcase classname="backend.tests.test_iteration20_comprehensive.TestRewardsShop" name="test_get_pending_redemptions" time="0.114" /><testcase classname="backend.tests.test_iteration20_comprehensive.TestShoppingList" name="test_get_shopping_list" time="0.107" /><testcase classname="backend.tests.test_iteration20_comprehensive.TestShoppingList" name="test_add_shopping_item" time="0.105" /><testcase classname="backend.tests.test_iteration20_comprehensive.TestShoppingList" name="test_update_shopping_item" time="0.148" /><testcase classname="backend.tests.test_iteration20_comprehensive.TestShoppingList" name="test_delete_shopping_item" time="0.149" /><testcase classname="backend.tests.test_iteration20_comprehensive.TestCalendarEvents" name="test_get_events" time="0.203" /><testcase classname="backend.tests.test_iteration20_comprehensive.TestCalendarEvents" name="test_create_event" time="0.116" /><testcase classname="backend.tests.test_iteration20_comprehensive.TestCalendarEvents" name="test_create_work_schedule" time="0.115" /><testcase classname="backend.tests.test_iteration20_comprehensive.TestFamilyWall" name="test_get_family_wall" time="0.139" /><testcase classname="backend.tests.test_iteration20_comprehensive.TestFamilyWall" name="test_create_text_post" time="0.136" /><testcase classname="backend.tests.test_iteration20_comprehensive.TestFamilyWall" name="test_create_poll_post" time="0.124" /><testcase classname="backend.tests.test_iteration20_comprehensive.TestFamilyWall" name="test_get_daily_quote" time="0.109" /><testcase classname="backend.tests.test_iteration20_comprehensive.TestLeaderboard" name="test_leaderboard_all_time" time="0.105" /><testcase classname="backend.tests.test_iteration20_comprehensive.TestLeaderboard" name="test_leaderboard_this_week" time="0.126" /><testcase classname="backend.tests.test_iteration20_comprehensive.TestLeaderboard" name="test_leaderboard_this_month" time="0.102" /><testcase classname="backend.tests.test_iteration20_comprehensive.TestReadingLogs" name="test_get_reading_logs" time="0.117" /><testcase classname="backend.tests.test_iteration20_comprehensive.TestReadingLogs" name="test_create_reading_log" time="0.118" /><testcase classname="backend.tests.test_iteration20_comprehensive.TestReadingLogs" name="test_approve_reading_log" time="0.183" /><testcase classname="backend.tests.test_iteration20_comprehensive.TestLocationCheckins" name="test_create_checkin" time="0.119" /><testcase classname="backend.tests.test_iteration20_comprehensive.TestLocationCheckins" name="test_get_user_checkins" time="0.127" /><testcase classname="backend.tests.test_iteration20_comprehensive.TestLocationCheckins" name="test_get_geofences" time="0.134" /><testcase classname="backend.tests.test_iteration20_comprehensive.TestLocationCheckins" name="test_create_geofence" time="0.112" /><testcase classname="backend.tests.test_iteration20_comprehensive.TestLocationCheckins" name="test_delete_geofence" time="1.180" /><testcase classname="backend.tests.test_iteration20_comprehensive.TestLocationCheckins" name="test_location_update" time="0.078" /><testcase classname="backend.tests.test_iteration20_comprehensive.TestLocationCheckins" name="test_get_location_alerts" time="0.103" /><testcase classname="backend.tests.test_iteration20_comprehensive.TestAIFeatures" name="test_pixie_assistant" time="3.756" /><testcase classname="backend.tests.test_iteration20_comprehensive.TestAIFeatures" name="test_meal_plan_suggestion" time="29.338" /><testcase classname="backend.tests.test_iteration20_comprehensive.TestAIFeatures" name="test_chore_tips" time="2.468" /><testcase classname="backend.tests.test_iteration20_comprehensive.TestAIFeatures" name="test_family_activity_suggestion" time="7.013" /><testcase classname="backend.tests.test_iteration20_comprehensive.TestUserSettings" name="test_get_user" time="0.149" /><testcase classname="backend.tests.test_iteration20_comprehensive.TestUserSettings" name="test_update_user_settings" time="0.133" /><testcase classname="backend.tests.test_iteration20_comprehensive.TestUserSettings" name="test_update_user_nickname" time="0.176" /><testcase classname="backend.tests.test_iteration20_comprehensive.TestUserSettings" name="test_modify_child_points" time="0.143" /><testcase classname="backend.tests.test_iteration20_comprehensive.TestMessages" name="test_get_messages" time="0.209" /><testcase classname="backend.tests.test_iteration20_comprehensive.TestMessages" name="test_send_message" time="0.119" /><testcase classname="backend.tests.test_iteration20_comprehensive.TestNotifications" name="test_get_notifications" time="0.100" /><testcase classname="backend.tests.test_iteration20_comprehensive.TestWeather" name="test_get_weather" time="0.231" /><testcase classname="backend.tests.test_iteration20_comprehensive.TestDashboardConfig" name="test_get_dashboard_config" time="0.106" /><testcase classname="backend.tests.test_iteration20_comprehensive.TestGoals" name="test_get_goals" time="0.102" /><testcase classname="backend.tests.test_iteration20_comprehensive.TestGoals" name="test_create_goal" time="0.113" /><testcase classname="backend.tests.test_iteration20_comprehensive.TestAchievements" name="test_get_achievements" time="0.104" /><testcase classname="backend.tests.test_iteration20_comprehensive.TestAchievements" name="test_get_family_achievements" time="0.096" /></testsuite></testsuites>