<?xml version="1.0" encoding="utf-8"?><testsuites name="pytest tests"><testsuite name="pytest" errors="0" failures="1" skipped="0" tests="10" time="2.429" timestamp="2026-03-26T03:59:37.901789+00:00" hostname="agent-env-f03fc117-dac5-4a1b-846c-3a8e98f194f2"><testcase classname="backend.tests.test_iteration25_fixes.TestHealthEndpoint" name="test_health_returns_healthy" time="0.152" /><testcase classname="backend.tests.test_iteration25_fixes.TestChildLogin" name="test_child_login_with_valid_credentials" time="0.134" /><testcase classname="backend.tests.test_iteration25_fixes.TestChildLogin" name="test_child_login_with_invalid_credentials" time="0.107" /><testcase classname="backend.tests.test_iteration25_fixes.TestChildLogin" name="test_child_login_missing_fields" time="0.106" /><testcase classname="backend.tests.test_iteration25_fixes.TestDevLogin" name="test_dev_login_parent" time="0.232" /><testcase classname="backend.tests.test_iteration25_fixes.TestFamilyWall" name="test_get_family_wall_posts" time="0.423" /><testcase classname="backend.tests.test_iteration25_fixes.TestFamilyWall" name="test_create_poll_post" time="0.336"><failure message="KeyError: 'post_type'">backend/tests/test_iteration25_fixes.py:140: in test_create_poll_post
    assert data['post_type'] == 'poll'
           ^^^^^^^^^^^^^^^^^
E   KeyError: 'post_type'</failure></testcase><testcase classname="backend.tests.test_iteration25_fixes.TestFamilyWall" name="test_vote_on_poll" time="0.354" /><testcase classname="backend.tests.test_iteration25_fixes.TestFamilyMembers" name="test_get_family_members" time="0.395" /><testcase classname="backend.tests.test_iteration25_fixes.TestSessionStorage" name="test_child_login_sets_cookie" time="0.108" /></testsuite></testsuites>