<?xml version="1.0" encoding="utf-8"?><testsuites name="pytest tests"><testsuite name="pytest" errors="0" failures="1" skipped="0" tests="25" time="2.501" timestamp="2026-02-05T05:16:57.173530+00:00" hostname="agent-env-e4a1a170-c266-4ee6-a55b-9e3c6a49f16f"><testcase classname="backend.tests.test_achievements_goals.TestDevLogin" name="test_dev_login_parent" time="0.073" /><testcase classname="backend.tests.test_achievements_goals.TestDevLogin" name="test_dev_login_child" time="0.043" /><testcase classname="backend.tests.test_achievements_goals.TestAchievements" name="test_get_all_achievements" time="0.115" /><testcase classname="backend.tests.test_achievements_goals.TestAchievements" name="test_get_user_achievements" time="0.076" /><testcase classname="backend.tests.test_achievements_goals.TestAchievements" name="test_get_family_achievements" time="0.082" /><testcase classname="backend.tests.test_achievements_goals.TestAchievements" name="test_get_seasonal_achievements" time="0.076" /><testcase classname="backend.tests.test_achievements_goals.TestAchievements" name="test_check_achievements" time="0.075" /><testcase classname="backend.tests.test_achievements_goals.TestAchievements" name="test_achievements_no_auth" time="0.071" /><testcase classname="backend.tests.test_achievements_goals.TestGoals" name="test_get_goals_empty" time="0.074" /><testcase classname="backend.tests.test_achievements_goals.TestGoals" name="test_create_goal" time="0.068" /><testcase classname="backend.tests.test_achievements_goals.TestGoals" name="test_create_and_get_goal" time="0.112" /><testcase classname="backend.tests.test_achievements_goals.TestGoals" name="test_increment_goal_progress" time="0.182" /><testcase classname="backend.tests.test_achievements_goals.TestGoals" name="test_update_goal" time="0.103" /><testcase classname="backend.tests.test_achievements_goals.TestGoals" name="test_delete_goal" time="0.146" /><testcase classname="backend.tests.test_achievements_goals.TestGoals" name="test_goals_no_auth" time="0.067" /><testcase classname="backend.tests.test_achievements_goals.TestShortcuts" name="test_get_shortcuts" time="0.110" /><testcase classname="backend.tests.test_achievements_goals.TestShortcuts" name="test_update_shortcuts" time="0.079" /><testcase classname="backend.tests.test_achievements_goals.TestShortcuts" name="test_shortcuts_max_limit" time="0.072" /><testcase classname="backend.tests.test_achievements_goals.TestDashboardConfig" name="test_get_dashboard_config" time="0.071"><failure message="AssertionError: assert 'widgets' in {'shortcuts': ['chat', 'rewards', 'achievements', 'calendar', 'shopping', 'reading'], 'user_id': 'user_child001'}">backend/tests/test_achievements_goals.py:347: in test_get_dashboard_config
    assert "widgets" in data
E   AssertionError: assert 'widgets' in {'shortcuts': ['chat', 'rewards', 'achievements', 'calendar', 'shopping', 'reading'], 'user_id': 'user_child001'}</failure></testcase><testcase classname="backend.tests.test_achievements_goals.TestFamilyWallPolls" name="test_create_poll_with_string_options" time="0.071" /><testcase classname="backend.tests.test_achievements_goals.TestFamilyWallPolls" name="test_vote_on_poll" time="0.103" /><testcase classname="backend.tests.test_achievements_goals.TestFamilyWallPolls" name="test_cannot_vote_twice" time="0.139" /><testcase classname="backend.tests.test_achievements_goals.TestFamilyWallPolls" name="test_invalid_vote_option" time="0.106" /><testcase classname="backend.tests.test_achievements_goals.TestFamilyWallPolls" name="test_get_family_wall_shows_user_vote" time="0.145" /><testcase classname="backend.tests.test_achievements_goals.TestCleanup" name="test_cleanup_test_goals" time="0.067" /></testsuite></testsuites>