<?xml version="1.0" encoding="utf-8"?><testsuites name="pytest tests"><testsuite name="pytest" errors="0" failures="2" skipped="0" tests="64" time="55.631" timestamp="2026-02-07T15:48:39.070840+00:00" hostname="agent-env-f804ab41-fa7a-4612-824c-3b198d8d8319"><testcase classname="backend.tests.test_iteration20_comprehensive.TestHealthAndAuth" name="test_health_endpoint" time="0.081" /><testcase classname="backend.tests.test_iteration20_comprehensive.TestHealthAndAuth" name="test_dev_login_parent" time="0.078" /><testcase classname="backend.tests.test_iteration20_comprehensive.TestHealthAndAuth" name="test_dev_login_child" time="0.042" /><testcase classname="backend.tests.test_iteration20_comprehensive.TestHealthAndAuth" name="test_auth_me_with_token" time="0.147" /><testcase classname="backend.tests.test_iteration20_comprehensive.TestHealthAndAuth" name="test_auth_me_without_token" time="0.035" /><testcase classname="backend.tests.test_iteration20_comprehensive.TestFirebaseAuth" name="test_firebase_login_new_user" time="0.041" /><testcase classname="backend.tests.test_iteration20_comprehensive.TestFirebaseAuth" name="test_firebase_login_missing_email" time="0.078" /><testcase classname="backend.tests.test_iteration20_comprehensive.TestFirebaseAuth" name="test_firebase_signup_new_user" time="0.044" /><testcase classname="backend.tests.test_iteration20_comprehensive.TestFamilyMembers" name="test_get_family_members" time="0.135" /><testcase classname="backend.tests.test_iteration20_comprehensive.TestFamilyMembers" name="test_create_child_profile" time="0.109" /><testcase classname="backend.tests.test_iteration20_comprehensive.TestChoresCRUD" name="test_get_chores" time="0.120" /><testcase classname="backend.tests.test_iteration20_comprehensive.TestChoresCRUD" name="test_create_chore" time="0.103" /><testcase classname="backend.tests.test_iteration20_comprehensive.TestChoresCRUD" name="test_complete_chore" time="0.236" /><testcase classname="backend.tests.test_iteration20_comprehensive.TestChoresCRUD" name="test_approve_chore" time="0.189" /><testcase classname="backend.tests.test_iteration20_comprehensive.TestChoresCRUD" name="test_delete_chore" time="0.158" /><testcase classname="backend.tests.test_iteration20_comprehensive.TestChoresCRUD" name="test_get_chore_types" time="0.106" /><testcase classname="backend.tests.test_iteration20_comprehensive.TestTasksEndpoint" name="test_get_tasks" time="0.111" /><testcase classname="backend.tests.test_iteration20_comprehensive.TestTasksEndpoint" name="test_create_task" time="0.110"><failure message="KeyError: 'title'">backend/tests/test_iteration20_comprehensive.py:327: in test_create_task
    assert data['title'] == task_data['title']
           ^^^^^^^^^^^^^
E   KeyError: 'title'</failure></testcase><testcase classname="backend.tests.test_iteration20_comprehensive.TestRewardsShop" name="test_get_rewards" time="0.211" /><testcase classname="backend.tests.test_iteration20_comprehensive.TestRewardsShop" name="test_create_reward" time="0.154" /><testcase classname="backend.tests.test_iteration20_comprehensive.TestRewardsShop" name="test_update_reward" time="0.151" /><testcase classname="backend.tests.test_iteration20_comprehensive.TestRewardsShop" name="test_delete_reward" time="0.154" /><testcase classname="backend.tests.test_iteration20_comprehensive.TestRewardsShop" name="test_get_pending_redemptions" time="0.109"><failure message="AssertionError: assert 'redemptions' in {'pending': [{'child_id': 'user_child001', 'child_name': 'Alex Johnson', 'created_at': '2026-02-06T22:28:28.141954+00:00', 'family_id': 'user_parent001', ...}, {'child_id': 'user_child001', 'child_name': 'Alex Johnson', 'created_at': '2026-02-05T22:10:55.750952+00:00', 'family_id': 'user_parent001', ...}, {'child_id': 'user_child001', 'child_name': 'Alex Johnson', 'created_at': '2026-02-05T13:29:19.011104+00:00', 'family_id': 'user_parent001', ...}]}">backend/tests/test_iteration20_comprehensive.py:413: in test_get_pending_redemptions
    assert 'redemptions' in data
E   AssertionError: assert 'redemptions' in {'pending': [{'child_id': 'user_child001', 'child_name': 'Alex Johnson', 'created_at': '2026-02-06T22:28:28.141954+00:00', 'family_id': 'user_parent001', ...}, {'child_id': 'user_child001', 'child_name': 'Alex Johnson', 'created_at': '2026-02-05T22:10:55.750952+00:00', 'family_id': 'user_parent001', ...}, {'child_id': 'user_child001', 'child_name': 'Alex Johnson', 'created_at': '2026-02-05T13:29:19.011104+00:00', 'family_id': 'user_parent001', ...}]}</failure></testcase><testcase classname="backend.tests.test_iteration20_comprehensive.TestShoppingList" name="test_get_shopping_list" time="0.107" /><testcase classname="backend.tests.test_iteration20_comprehensive.TestShoppingList" name="test_add_shopping_item" time="0.111" /><testcase classname="backend.tests.test_iteration20_comprehensive.TestShoppingList" name="test_update_shopping_item" time="0.155" /><testcase classname="backend.tests.test_iteration20_comprehensive.TestShoppingList" name="test_delete_shopping_item" time="0.139" /><testcase classname="backend.tests.test_iteration20_comprehensive.TestCalendarEvents" name="test_get_events" time="0.167" /><testcase classname="backend.tests.test_iteration20_comprehensive.TestCalendarEvents" name="test_create_event" time="0.122" /><testcase classname="backend.tests.test_iteration20_comprehensive.TestCalendarEvents" name="test_create_work_schedule" time="0.103" /><testcase classname="backend.tests.test_iteration20_comprehensive.TestFamilyWall" name="test_get_family_wall" time="0.153" /><testcase classname="backend.tests.test_iteration20_comprehensive.TestFamilyWall" name="test_create_text_post" time="0.120" /><testcase classname="backend.tests.test_iteration20_comprehensive.TestFamilyWall" name="test_create_poll_post" time="0.121" /><testcase classname="backend.tests.test_iteration20_comprehensive.TestFamilyWall" name="test_get_daily_quote" time="0.108" /><testcase classname="backend.tests.test_iteration20_comprehensive.TestLeaderboard" name="test_leaderboard_all_time" time="0.111" /><testcase classname="backend.tests.test_iteration20_comprehensive.TestLeaderboard" name="test_leaderboard_this_week" time="0.116" /><testcase classname="backend.tests.test_iteration20_comprehensive.TestLeaderboard" name="test_leaderboard_this_month" time="0.112" /><testcase classname="backend.tests.test_iteration20_comprehensive.TestReadingLogs" name="test_get_reading_logs" time="0.124" /><testcase classname="backend.tests.test_iteration20_comprehensive.TestReadingLogs" name="test_create_reading_log" time="0.085" /><testcase classname="backend.tests.test_iteration20_comprehensive.TestReadingLogs" name="test_approve_reading_log" time="0.183" /><testcase classname="backend.tests.test_iteration20_comprehensive.TestLocationCheckins" name="test_create_checkin" time="0.087" /><testcase classname="backend.tests.test_iteration20_comprehensive.TestLocationCheckins" name="test_get_user_checkins" time="0.091" /><testcase classname="backend.tests.test_iteration20_comprehensive.TestLocationCheckins" name="test_get_geofences" time="0.115" /><testcase classname="backend.tests.test_iteration20_comprehensive.TestLocationCheckins" name="test_create_geofence" time="0.124" /><testcase classname="backend.tests.test_iteration20_comprehensive.TestLocationCheckins" name="test_delete_geofence" time="0.154" /><testcase classname="backend.tests.test_iteration20_comprehensive.TestLocationCheckins" name="test_location_update" time="0.121" /><testcase classname="backend.tests.test_iteration20_comprehensive.TestLocationCheckins" name="test_get_location_alerts" time="0.109" /><testcase classname="backend.tests.test_iteration20_comprehensive.TestAIFeatures" name="test_pixie_assistant" time="4.844" /><testcase classname="backend.tests.test_iteration20_comprehensive.TestAIFeatures" name="test_meal_plan_suggestion" time="10.359" /><testcase classname="backend.tests.test_iteration20_comprehensive.TestAIFeatures" name="test_chore_tips" time="24.014" /><testcase classname="backend.tests.test_iteration20_comprehensive.TestAIFeatures" name="test_family_activity_suggestion" time="5.657" /><testcase classname="backend.tests.test_iteration20_comprehensive.TestUserSettings" name="test_get_user" time="0.152" /><testcase classname="backend.tests.test_iteration20_comprehensive.TestUserSettings" name="test_update_user_settings" time="0.148" /><testcase classname="backend.tests.test_iteration20_comprehensive.TestUserSettings" name="test_update_user_nickname" time="3.222" /><testcase classname="backend.tests.test_iteration20_comprehensive.TestUserSettings" name="test_modify_child_points" time="0.157" /><testcase classname="backend.tests.test_iteration20_comprehensive.TestMessages" name="test_get_messages" time="0.214" /><testcase classname="backend.tests.test_iteration20_comprehensive.TestMessages" name="test_send_message" time="0.117" /><testcase classname="backend.tests.test_iteration20_comprehensive.TestNotifications" name="test_get_notifications" time="0.109" /><testcase classname="backend.tests.test_iteration20_comprehensive.TestWeather" name="test_get_weather" time="0.254" /><testcase classname="backend.tests.test_iteration20_comprehensive.TestDashboardConfig" name="test_get_dashboard_config" time="0.116" /><testcase classname="backend.tests.test_iteration20_comprehensive.TestGoals" name="test_get_goals" time="0.110" /><testcase classname="backend.tests.test_iteration20_comprehensive.TestGoals" name="test_create_goal" time="0.111" /><testcase classname="backend.tests.test_iteration20_comprehensive.TestAchievements" name="test_get_achievements" time="0.105" /><testcase classname="backend.tests.test_iteration20_comprehensive.TestAchievements" name="test_get_family_achievements" time="0.107" /></testsuite></testsuites>