<?xml version="1.0" encoding="utf-8"?><testsuites name="pytest tests"><testsuite name="pytest" errors="0" failures="0" skipped="0" tests="13" time="4.677" timestamp="2026-03-26T12:36:39.411669+00:00" hostname="agent-env-234e5590-6acd-4960-b9cf-e1049e13e776"><testcase classname="backend.tests.test_iteration30_features.TestIteration30Features" name="test_health_check" time="0.325" /><testcase classname="backend.tests.test_iteration30_features.TestIteration30Features" name="test_gifs_trending_endpoint" time="0.405" /><testcase classname="backend.tests.test_iteration30_features.TestIteration30Features" name="test_gifs_search_endpoint" time="0.464" /><testcase classname="backend.tests.test_iteration30_features.TestIteration30Features" name="test_post_message_with_media_url" time="0.276" /><testcase classname="backend.tests.test_iteration30_features.TestIteration30Features" name="test_post_message_with_gif" time="0.642" /><testcase classname="backend.tests.test_iteration30_features.TestIteration30Features" name="test_get_messages_includes_media" time="0.271" /><testcase classname="backend.tests.test_iteration30_features.TestIteration30Features" name="test_shopping_list_add_item" time="0.376" /><testcase classname="backend.tests.test_iteration30_features.TestIteration30Features" name="test_shopping_list_get_items" time="0.296" /><testcase classname="backend.tests.test_iteration30_features.TestIteration30Features" name="test_notifications_endpoint" time="0.274" /><testcase classname="backend.tests.test_iteration30_features.TestIteration30Features" name="test_notifications_unread_count" time="0.336" /><testcase classname="backend.tests.test_iteration30_features.TestIteration30Features" name="test_checkins_endpoint" time="0.314" /><testcase classname="backend.tests.test_iteration30_features.TestIteration30Features" name="test_geofences_endpoint" time="0.305" /><testcase classname="backend.tests.test_iteration30_features.TestMessageReactions" name="test_react_to_message" time="0.321" /></testsuite></testsuites>