<?xml version="1.0" encoding="utf-8"?><testsuites name="pytest tests"><testsuite name="pytest" errors="0" failures="1" skipped="0" tests="21" time="1.292" timestamp="2026-02-04T13:22:40.988360+00:00" hostname="agent-env-29c9f36a-0092-4b80-a4f7-8f3c5f9b354a"><testcase classname="backend.tests.test_chat_notifications.TestMessageReactions" name="test_create_message_for_reactions" time="0.114" /><testcase classname="backend.tests.test_chat_notifications.TestMessageReactions" name="test_add_reaction_to_message" time="0.037" /><testcase classname="backend.tests.test_chat_notifications.TestMessageReactions" name="test_verify_reaction_added" time="0.033" /><testcase classname="backend.tests.test_chat_notifications.TestMessageReactions" name="test_remove_reaction_toggle" time="0.037" /><testcase classname="backend.tests.test_chat_notifications.TestMessageReactions" name="test_add_multiple_reactions" time="0.120" /><testcase classname="backend.tests.test_chat_notifications.TestMessageReactions" name="test_reaction_without_type_fails" time="0.035" /><testcase classname="backend.tests.test_chat_notifications.TestMessageReactions" name="test_reaction_on_nonexistent_message" time="0.037" /><testcase classname="backend.tests.test_chat_notifications.TestMessageReactions" name="test_reaction_without_auth_fails" time="0.034" /><testcase classname="backend.tests.test_chat_notifications.TestNotifications" name="test_get_notifications" time="0.074" /><testcase classname="backend.tests.test_chat_notifications.TestNotifications" name="test_get_notifications_without_auth" time="0.031" /><testcase classname="backend.tests.test_chat_notifications.TestNotifications" name="test_mark_notification_read" time="0.077" /><testcase classname="backend.tests.test_chat_notifications.TestNotifications" name="test_mark_notification_read_without_auth" time="0.035" /><testcase classname="backend.tests.test_chat_notifications.TestNotifications" name="test_mark_all_notifications_read" time="0.040" /><testcase classname="backend.tests.test_chat_notifications.TestNotifications" name="test_mark_all_read_without_auth" time="0.036" /><testcase classname="backend.tests.test_chat_notifications.TestNotifications" name="test_clear_all_notifications" time="0.036" /><testcase classname="backend.tests.test_chat_notifications.TestNotifications" name="test_clear_notifications_without_auth" time="0.035" /><testcase classname="backend.tests.test_chat_notifications.TestVoiceMessages" name="test_voice_message_endpoint_exists" time="0.143" /><testcase classname="backend.tests.test_chat_notifications.TestVoiceMessages" name="test_voice_message_without_auth" time="0.036"><failure message="AssertionError: Expected 401, got 422&#10;assert 422 == 401&#10; +  where 422 = &lt;Response [422]&gt;.status_code">backend/tests/test_chat_notifications.py:251: in test_voice_message_without_auth
    assert response.status_code == 401, f"Expected 401, got {response.status_code}"
E   AssertionError: Expected 401, got 422
E   assert 422 == 401
E    +  where 422 = &lt;Response [422]&gt;.status_code</failure></testcase><testcase classname="backend.tests.test_chat_notifications.TestMessagesEndpoint" name="test_get_messages" time="0.067" /><testcase classname="backend.tests.test_chat_notifications.TestMessagesEndpoint" name="test_send_message" time="0.035" /><testcase classname="backend.tests.test_chat_notifications.TestMessagesEndpoint" name="test_mark_message_read" time="0.068" /></testsuite></testsuites>