<?xml version="1.0" encoding="utf-8"?><testsuites name="pytest tests"><testsuite name="pytest" errors="0" failures="0" skipped="0" tests="22" time="1.034" timestamp="2026-02-04T04:31:06.571075+00:00" hostname="agent-env-8f90de41-f74b-4c16-8413-7cae11975fee"><testcase classname="backend.tests.test_mobile_features.TestMobileOAuth" name="test_mobile_oauth_redirect_info" time="0.058" /><testcase classname="backend.tests.test_mobile_features.TestMobileOAuth" name="test_mobile_oauth_callback_missing_session_id" time="0.036" /><testcase classname="backend.tests.test_mobile_features.TestMobileOAuth" name="test_mobile_oauth_callback_invalid_session" time="0.138" /><testcase classname="backend.tests.test_mobile_features.TestPushNotifications" name="test_register_device_requires_auth" time="0.035" /><testcase classname="backend.tests.test_mobile_features.TestPushNotifications" name="test_register_device_success" time="0.044" /><testcase classname="backend.tests.test_mobile_features.TestPushNotifications" name="test_register_device_missing_token" time="0.042" /><testcase classname="backend.tests.test_mobile_features.TestPushNotifications" name="test_unregister_device_requires_auth" time="0.033" /><testcase classname="backend.tests.test_mobile_features.TestPushNotifications" name="test_unregister_device_success" time="0.077" /><testcase classname="backend.tests.test_mobile_features.TestTutorialEndpoints" name="test_tutorial_content_requires_auth" time="0.036" /><testcase classname="backend.tests.test_mobile_features.TestTutorialEndpoints" name="test_tutorial_content_returns_slides" time="0.039" /><testcase classname="backend.tests.test_mobile_features.TestTutorialEndpoints" name="test_tutorial_complete_requires_auth" time="0.037" /><testcase classname="backend.tests.test_mobile_features.TestTutorialEndpoints" name="test_tutorial_complete_success" time="0.036" /><testcase classname="backend.tests.test_mobile_features.TestTutorialEndpoints" name="test_tutorial_content_after_complete" time="0.036" /><testcase classname="backend.tests.test_mobile_features.TestTutorialEndpoints" name="test_tutorial_reset_requires_auth" time="0.036" /><testcase classname="backend.tests.test_mobile_features.TestTutorialEndpoints" name="test_tutorial_reset_success" time="0.035" /><testcase classname="backend.tests.test_mobile_features.TestTutorialEndpoints" name="test_tutorial_content_after_reset" time="0.034" /><testcase classname="backend.tests.test_mobile_features.TestWebPushEndpoints" name="test_vapid_key_public" time="0.032" /><testcase classname="backend.tests.test_mobile_features.TestWebPushEndpoints" name="test_push_subscribe_requires_auth" time="0.036" /><testcase classname="backend.tests.test_mobile_features.TestWebPushEndpoints" name="test_push_subscribe_success" time="0.039" /><testcase classname="backend.tests.test_mobile_features.TestWebPushEndpoints" name="test_push_unsubscribe_requires_auth" time="0.035" /><testcase classname="backend.tests.test_mobile_features.TestWebPushEndpoints" name="test_push_unsubscribe_success" time="0.037" /><testcase classname="backend.tests.test_mobile_features.TestExistingAuthEndpoints" name="test_auth_me_with_session" time="0.039" /></testsuite></testsuites>