<?xml version="1.0" encoding="utf-8"?><testsuites name="pytest tests"><testsuite name="pytest" errors="0" failures="0" skipped="0" tests="15" time="28.167" timestamp="2026-03-27T16:24:26.971354+00:00" hostname="agent-env-24de4518-ece9-4445-b879-25e53c29fd03"><testcase classname="backend.tests.test_iteration_42.TestDevLogin" name="test_parent_login" time="0.586" /><testcase classname="backend.tests.test_iteration_42.TestPixieVoiceMode" name="test_pixie_command_with_voice_mode_returns_audio" time="9.590" /><testcase classname="backend.tests.test_iteration_42.TestPixieVoiceMode" name="test_pixie_command_without_voice_mode_no_audio" time="2.080" /><testcase classname="backend.tests.test_iteration_42.TestPixiePreferences" name="test_get_pixie_preferences" time="0.687" /><testcase classname="backend.tests.test_iteration_42.TestPixiePreferences" name="test_post_pixie_preferences" time="0.689" /><testcase classname="backend.tests.test_iteration_42.TestPixieTTS" name="test_pixie_tts_endpoint" time="2.872" /><testcase classname="backend.tests.test_iteration_42.TestPixieDataAccess" name="test_pixie_reads_calendar" time="1.861" /><testcase classname="backend.tests.test_iteration_42.TestPixieDataAccess" name="test_pixie_adds_shopping_item" time="1.797" /><testcase classname="backend.tests.test_iteration_42.TestPixieDataAccess" name="test_pixie_checks_pantry" time="1.961" /><testcase classname="backend.tests.test_iteration_42.TestPixieHomehubMode" name="test_pixie_homehub_mode_needs_pin" time="2.343" /><testcase classname="backend.tests.test_iteration_42.TestElizabethVisibility" name="test_elizabeth_in_family_members_detailed" time="0.848" /><testcase classname="backend.tests.test_iteration_42.TestPantryAPI" name="test_pantry_get_items" time="0.650" /><testcase classname="backend.tests.test_iteration_42.TestDeleteEndpoints" name="test_wall_delete_endpoint_exists" time="0.545" /><testcase classname="backend.tests.test_iteration_42.TestDeleteEndpoints" name="test_messages_delete_endpoint_exists" time="0.675" /><testcase classname="backend.tests.test_iteration_42.TestCleanup" name="test_cleanup_test_shopping_items" time="0.908" /></testsuite></testsuites>