<?xml version="1.0" encoding="utf-8"?><testsuites name="pytest tests"><testsuite name="pytest" errors="0" failures="1" skipped="0" tests="26" time="2.670" timestamp="2026-02-06T23:58:42.950211+00:00" hostname="agent-env-cd3dc0c4-25ce-4dc4-9272-33b66081496b"><testcase classname="backend.tests.test_iteration13_features.TestHealthCheck" name="test_health_check" time="0.071" /><testcase classname="backend.tests.test_iteration13_features.TestDevLogin" name="test_dev_login_parent" time="0.074" /><testcase classname="backend.tests.test_iteration13_features.TestDevLogin" name="test_dev_login_child" time="0.038" /><testcase classname="backend.tests.test_iteration13_features.TestDevLogin" name="test_auth_me_with_parent_token" time="0.069" /><testcase classname="backend.tests.test_iteration13_features.TestDevLogin" name="test_auth_me_with_child_token" time="0.036" /><testcase classname="backend.tests.test_iteration13_features.TestReadingLogs" name="test_create_reading_log_with_book_title" time="0.077" /><testcase classname="backend.tests.test_iteration13_features.TestReadingLogs" name="test_create_reading_log_with_book_name" time="0.040" /><testcase classname="backend.tests.test_iteration13_features.TestReadingLogs" name="test_get_reading_logs" time="0.036" /><testcase classname="backend.tests.test_iteration13_features.TestReadingLogs" name="test_approve_reading_log" time="0.070" /><testcase classname="backend.tests.test_iteration13_features.TestChores" name="test_create_chore" time="0.043" /><testcase classname="backend.tests.test_iteration13_features.TestChores" name="test_get_chores" time="0.039" /><testcase classname="backend.tests.test_iteration13_features.TestChores" name="test_claim_chore" time="0.086" /><testcase classname="backend.tests.test_iteration13_features.TestChores" name="test_complete_chore" time="0.116" /><testcase classname="backend.tests.test_iteration13_features.TestPointsAdjustment" name="test_modify_child_points_add" time="0.053" /><testcase classname="backend.tests.test_iteration13_features.TestPointsAdjustment" name="test_modify_child_points_remove" time="0.044" /><testcase classname="backend.tests.test_iteration13_features.TestPointsAdjustment" name="test_child_cannot_modify_points" time="0.032" /><testcase classname="backend.tests.test_iteration13_features.TestFamilyWall" name="test_create_text_post" time="0.058" /><testcase classname="backend.tests.test_iteration13_features.TestFamilyWall" name="test_create_poll_post" time="0.040" /><testcase classname="backend.tests.test_iteration13_features.TestFamilyWall" name="test_get_family_wall" time="0.138" /><testcase classname="backend.tests.test_iteration13_features.TestChatMessages" name="test_send_message" time="0.059" /><testcase classname="backend.tests.test_iteration13_features.TestChatMessages" name="test_get_messages" time="0.126" /><testcase classname="backend.tests.test_iteration13_features.TestChatMessages" name="test_child_send_message" time="0.041" /><testcase classname="backend.tests.test_iteration13_features.TestLeaderboard" name="test_get_leaderboard" time="0.076" /><testcase classname="backend.tests.test_iteration13_features.TestLeaderboard" name="test_child_get_leaderboard" time="0.033" /><testcase classname="backend.tests.test_iteration13_features.TestWeatherAPI" name="test_get_weather_with_coords" time="0.194" /><testcase classname="backend.tests.test_iteration13_features.TestWeatherAPI" name="test_get_weather_without_auth" time="0.830"><failure message="assert 200 == 401&#10; +  where 200 = &lt;Response [200]&gt;.status_code">backend/tests/test_iteration13_features.py:560: in test_get_weather_without_auth
    assert response.status_code == 401
E   assert 200 == 401
E    +  where 200 = &lt;Response [200]&gt;.status_code</failure></testcase></testsuite></testsuites>