<?xml version="1.0" encoding="utf-8"?><testsuites name="pytest tests"><testsuite name="pytest" errors="0" failures="0" skipped="0" tests="9" time="6.870" timestamp="2026-03-27T00:51:51.355122+00:00" hostname="agent-env-77e86c82-839a-49d5-b1ac-75206afe9330"><testcase classname="backend.tests.test_iteration_35.TestRoleManagement" name="test_elizabeth_role_is_homehub" time="0.289" /><testcase classname="backend.tests.test_iteration_35.TestRoleManagement" name="test_zachery_role_is_parent" time="0.908" /><testcase classname="backend.tests.test_iteration_35.TestRoleManagement" name="test_family_members_shows_parent_not_admin" time="0.755" /><testcase classname="backend.tests.test_iteration_35.TestRoleManagement" name="test_role_change_to_homehub_and_back" time="1.462" /><testcase classname="backend.tests.test_iteration_35.TestNotifications" name="test_chore_creation_creates_notification" time="1.118" /><testcase classname="backend.tests.test_iteration_35.TestNotifications" name="test_event_creation_creates_notification" time="0.859" /><testcase classname="backend.tests.test_iteration_35.TestChoreCompletion" name="test_chore_complete_endpoint_exists" time="0.864" /><testcase classname="backend.tests.test_iteration_35.TestOAuthRedirect" name="test_dev_login_returns_correct_role_for_homehub" time="0.107" /><testcase classname="backend.tests.test_iteration_35.TestOAuthRedirect" name="test_dev_login_returns_correct_role_for_parent" time="0.442" /></testsuite></testsuites>