<?xml version="1.0" encoding="utf-8"?><testsuites name="pytest tests"><testsuite name="pytest" errors="0" failures="0" skipped="0" tests="19" time="1.151" timestamp="2026-02-04T02:54:39.702465+00:00" hostname="agent-env-451ac71f-d366-4fe0-b7a6-938af9ba20d3"><testcase classname="backend.tests.test_battery_feature.TestBatteryPermissions" name="test_get_permissions_child" time="0.080" /><testcase classname="backend.tests.test_battery_feature.TestBatteryPermissions" name="test_get_permissions_parent" time="0.039" /><testcase classname="backend.tests.test_battery_feature.TestBatteryPermissions" name="test_get_permissions_no_auth" time="0.038" /><testcase classname="backend.tests.test_battery_feature.TestBatteryPermissions" name="test_toggle_battery_permission_enable" time="0.037" /><testcase classname="backend.tests.test_battery_feature.TestBatteryPermissions" name="test_toggle_battery_permission_disable" time="0.048" /><testcase classname="backend.tests.test_battery_feature.TestBatteryPermissions" name="test_toggle_battery_permission_no_auth" time="0.035" /><testcase classname="backend.tests.test_battery_feature.TestBatteryUpdate" name="test_update_battery_valid" time="0.094" /><testcase classname="backend.tests.test_battery_feature.TestBatteryUpdate" name="test_update_battery_charging" time="0.038" /><testcase classname="backend.tests.test_battery_feature.TestBatteryUpdate" name="test_update_battery_invalid_level_negative" time="0.036" /><testcase classname="backend.tests.test_battery_feature.TestBatteryUpdate" name="test_update_battery_invalid_level_over_100" time="0.037" /><testcase classname="backend.tests.test_battery_feature.TestBatteryUpdate" name="test_update_battery_missing_level" time="0.033" /><testcase classname="backend.tests.test_battery_feature.TestBatteryUpdate" name="test_update_battery_no_auth" time="0.036" /><testcase classname="backend.tests.test_battery_feature.TestBatteryUpdate" name="test_update_battery_without_permission" time="0.098" /><testcase classname="backend.tests.test_battery_feature.TestFamilyBatteryStatus" name="test_get_family_battery_parent" time="0.082" /><testcase classname="backend.tests.test_battery_feature.TestFamilyBatteryStatus" name="test_get_family_battery_child_forbidden" time="0.036" /><testcase classname="backend.tests.test_battery_feature.TestFamilyBatteryStatus" name="test_get_family_battery_no_auth" time="0.032" /><testcase classname="backend.tests.test_battery_feature.TestLowBatteryNotification" name="test_low_battery_creates_notification" time="0.139" /><testcase classname="backend.tests.test_battery_feature.TestLowBatteryNotification" name="test_low_battery_no_notification_when_charging" time="0.043" /><testcase classname="backend.tests.test_battery_feature.TestBatteryDataPersistence" name="test_battery_data_persists" time="0.094" /></testsuite></testsuites>