<?xml version="1.0" encoding="utf-8"?><testsuites name="pytest tests"><testsuite name="pytest" errors="0" failures="0" skipped="0" tests="23" time="3.006" timestamp="2026-02-07T17:49:17.278499+00:00" hostname="agent-env-f804ab41-fa7a-4612-824c-3b198d8d8319"><testcase classname="backend.tests.test_iteration21_pantry.TestDevLogin" name="test_dev_login_parent" time="0.141" /><testcase classname="backend.tests.test_iteration21_pantry.TestDevLogin" name="test_dev_login_child" time="0.044" /><testcase classname="backend.tests.test_iteration21_pantry.TestPantryCRUD" name="test_get_pantry_items_empty" time="0.156" /><testcase classname="backend.tests.test_iteration21_pantry.TestPantryCRUD" name="test_add_pantry_item" time="0.135" /><testcase classname="backend.tests.test_iteration21_pantry.TestPantryCRUD" name="test_add_and_update_pantry_item" time="0.148" /><testcase classname="backend.tests.test_iteration21_pantry.TestPantryCRUD" name="test_add_and_delete_pantry_item" time="0.158" /><testcase classname="backend.tests.test_iteration21_pantry.TestPantryCRUD" name="test_delete_nonexistent_pantry_item" time="0.109" /><testcase classname="backend.tests.test_iteration21_pantry.TestPantryAI" name="test_ai_suggestions_empty_pantry" time="0.107" /><testcase classname="backend.tests.test_iteration21_pantry.TestPantryAI" name="test_ai_suggestions_with_items" time="0.105" /><testcase classname="backend.tests.test_iteration21_pantry.TestPantryAI" name="test_ai_shopping_suggestions_empty" time="0.110" /><testcase classname="backend.tests.test_iteration21_pantry.TestPantryAI" name="test_ai_shopping_suggestions_with_items" time="0.146" /><testcase classname="backend.tests.test_iteration21_pantry.TestEventsStackOverflowFix" name="test_get_events_no_stack_overflow" time="0.111" /><testcase classname="backend.tests.test_iteration21_pantry.TestEventsStackOverflowFix" name="test_get_events_with_date_filter" time="0.102" /><testcase classname="backend.tests.test_iteration21_pantry.TestEventsStackOverflowFix" name="test_create_event" time="0.119" /><testcase classname="backend.tests.test_iteration21_pantry.TestFamilyWallStackOverflowFix" name="test_get_family_wall_no_stack_overflow" time="0.192" /><testcase classname="backend.tests.test_iteration21_pantry.TestFamilyWallStackOverflowFix" name="test_create_family_wall_post" time="0.119" /><testcase classname="backend.tests.test_iteration21_pantry.TestFamilyWallStackOverflowFix" name="test_create_poll_post" time="0.116" /><testcase classname="backend.tests.test_iteration21_pantry.TestShoppingListCRUD" name="test_get_shopping_list" time="0.106" /><testcase classname="backend.tests.test_iteration21_pantry.TestShoppingListCRUD" name="test_add_shopping_item" time="0.107" /><testcase classname="backend.tests.test_iteration21_pantry.TestShoppingListCRUD" name="test_update_shopping_item" time="0.135" /><testcase classname="backend.tests.test_iteration21_pantry.TestShoppingListCRUD" name="test_delete_shopping_item" time="0.148" /><testcase classname="backend.tests.test_iteration21_pantry.TestHealthAndAuth" name="test_health_check" time="0.038" /><testcase classname="backend.tests.test_iteration21_pantry.TestHealthAndAuth" name="test_auth_me_with_token" time="0.155" /></testsuite></testsuites>