<?xml version="1.0" encoding="utf-8"?><testsuites name="pytest tests"><testsuite name="pytest" errors="0" failures="0" skipped="0" tests="31" time="1.351" timestamp="2026-02-04T02:09:29.579386+00:00" hostname="agent-env-451ac71f-d366-4fe0-b7a6-938af9ba20d3"><testcase classname="backend.tests.test_iteration6_features.TestAnalyticsDashboard" name="test_analytics_overview_returns_weekly_stats" time="0.065" /><testcase classname="backend.tests.test_iteration6_features.TestAnalyticsDashboard" name="test_analytics_overview_returns_monthly_stats" time="0.044" /><testcase classname="backend.tests.test_iteration6_features.TestAnalyticsDashboard" name="test_analytics_overview_returns_children_stats" time="0.043" /><testcase classname="backend.tests.test_iteration6_features.TestAnalyticsDashboard" name="test_analytics_overview_returns_daily_activity" time="0.040" /><testcase classname="backend.tests.test_iteration6_features.TestAnalyticsDashboard" name="test_analytics_overview_returns_family_counts" time="0.039" /><testcase classname="backend.tests.test_iteration6_features.TestAnalyticsDashboard" name="test_analytics_trends_returns_weekly_trends" time="0.034" /><testcase classname="backend.tests.test_iteration6_features.TestAnalyticsDashboard" name="test_analytics_trends_custom_days" time="0.040" /><testcase classname="backend.tests.test_iteration6_features.TestAnalyticsDashboard" name="test_analytics_requires_auth" time="0.038" /><testcase classname="backend.tests.test_iteration6_features.TestDataExport" name="test_export_chores_csv" time="0.039" /><testcase classname="backend.tests.test_iteration6_features.TestDataExport" name="test_export_events_csv" time="0.040" /><testcase classname="backend.tests.test_iteration6_features.TestDataExport" name="test_export_full_json" time="0.040" /><testcase classname="backend.tests.test_iteration6_features.TestDataExport" name="test_export_requires_parent_role" time="0.033" /><testcase classname="backend.tests.test_iteration6_features.TestWelcomeTutorial" name="test_tutorial_content_returns_slides" time="0.053" /><testcase classname="backend.tests.test_iteration6_features.TestWelcomeTutorial" name="test_tutorial_complete" time="0.053" /><testcase classname="backend.tests.test_iteration6_features.TestWelcomeTutorial" name="test_tutorial_reset" time="0.052" /><testcase classname="backend.tests.test_iteration6_features.TestWelcomeTutorial" name="test_tutorial_parent_slides" time="0.049" /><testcase classname="backend.tests.test_iteration6_features.TestMultipleFamilySupport" name="test_get_families" time="0.040" /><testcase classname="backend.tests.test_iteration6_features.TestMultipleFamilySupport" name="test_create_family" time="0.038" /><testcase classname="backend.tests.test_iteration6_features.TestMultipleFamilySupport" name="test_create_family_default_name" time="0.037" /><testcase classname="backend.tests.test_iteration6_features.TestLeaderboardWithNickname" name="test_leaderboard_includes_nickname" time="0.036" /><testcase classname="backend.tests.test_iteration6_features.TestLeaderboardWithNickname" name="test_leaderboard_sorted_by_points" time="0.035" /><testcase classname="backend.tests.test_iteration6_features.TestLeaderboardWithNickname" name="test_set_nickname_and_verify_in_leaderboard" time="0.046" /><testcase classname="backend.tests.test_iteration6_features.TestAuthRequirements" name="test_analytics_overview_requires_auth" time="0.031" /><testcase classname="backend.tests.test_iteration6_features.TestAuthRequirements" name="test_analytics_trends_requires_auth" time="0.034" /><testcase classname="backend.tests.test_iteration6_features.TestAuthRequirements" name="test_export_chores_requires_auth" time="0.032" /><testcase classname="backend.tests.test_iteration6_features.TestAuthRequirements" name="test_export_events_requires_auth" time="0.034" /><testcase classname="backend.tests.test_iteration6_features.TestAuthRequirements" name="test_export_full_requires_auth" time="0.035" /><testcase classname="backend.tests.test_iteration6_features.TestAuthRequirements" name="test_tutorial_content_requires_auth" time="0.036" /><testcase classname="backend.tests.test_iteration6_features.TestAuthRequirements" name="test_tutorial_complete_requires_auth" time="0.032" /><testcase classname="backend.tests.test_iteration6_features.TestAuthRequirements" name="test_families_requires_auth" time="0.034" /><testcase classname="backend.tests.test_iteration6_features.TestAuthRequirements" name="test_create_family_requires_auth" time="0.032" /></testsuite></testsuites>