<?xml version="1.0" encoding="utf-8"?><testsuites name="pytest tests"><testsuite name="pytest" errors="0" failures="0" skipped="0" tests="20" time="1.673" timestamp="2026-02-03T22:06:16.998557+00:00" hostname="agent-env-1376087d-c2a2-4ab2-ac1f-454e6fb99516"><testcase classname="backend.tests.test_famfocus_api.TestAuthEndpoints" name="test_auth_me_with_valid_session" time="0.458" /><testcase classname="backend.tests.test_famfocus_api.TestAuthEndpoints" name="test_auth_me_without_session" time="0.035" /><testcase classname="backend.tests.test_famfocus_api.TestChoresEndpoints" name="test_get_chores" time="0.043" /><testcase classname="backend.tests.test_famfocus_api.TestChoresEndpoints" name="test_create_chore" time="0.038" /><testcase classname="backend.tests.test_famfocus_api.TestChoresEndpoints" name="test_get_chore_types" time="0.035" /><testcase classname="backend.tests.test_famfocus_api.TestChoresEndpoints" name="test_get_child_chore_settings" time="0.035" /><testcase classname="backend.tests.test_famfocus_api.TestShoppingEndpoints" name="test_get_shopping_list" time="0.037" /><testcase classname="backend.tests.test_famfocus_api.TestShoppingEndpoints" name="test_add_shopping_item" time="0.039" /><testcase classname="backend.tests.test_famfocus_api.TestFamilyWallEndpoints" name="test_get_family_wall" time="0.037" /><testcase classname="backend.tests.test_famfocus_api.TestFamilyWallEndpoints" name="test_create_post" time="0.038" /><testcase classname="backend.tests.test_famfocus_api.TestFamilyWallEndpoints" name="test_create_poll" time="0.037" /><testcase classname="backend.tests.test_famfocus_api.TestFamilyWallEndpoints" name="test_get_daily_quote" time="0.038" /><testcase classname="backend.tests.test_famfocus_api.TestReadingLogsEndpoints" name="test_get_reading_logs" time="0.032" /><testcase classname="backend.tests.test_famfocus_api.TestReadingLogsEndpoints" name="test_create_reading_log" time="0.035" /><testcase classname="backend.tests.test_famfocus_api.TestFamilyMembersEndpoints" name="test_get_family_members" time="0.033" /><testcase classname="backend.tests.test_famfocus_api.TestEventsEndpoints" name="test_get_events" time="0.040" /><testcase classname="backend.tests.test_famfocus_api.TestEventsEndpoints" name="test_create_event" time="0.039" /><testcase classname="backend.tests.test_famfocus_api.TestLeaderboardEndpoints" name="test_get_leaderboard" time="0.038" /><testcase classname="backend.tests.test_famfocus_api.TestRewardsEndpoints" name="test_get_rewards" time="0.039" /><testcase classname="backend.tests.test_famfocus_api.TestMessagesEndpoints" name="test_get_messages" time="0.410" /></testsuite></testsuites>