<?xml version="1.0" encoding="utf-8"?><testsuites name="pytest tests"><testsuite name="pytest" errors="0" failures="0" skipped="0" tests="26" time="2.317" timestamp="2026-02-07T00:27:47.764381+00:00" hostname="agent-env-cd3dc0c4-25ce-4dc4-9272-33b66081496b"><testcase classname="backend.tests.test_iteration13_features.TestHealthCheck" name="test_health_check" time="0.096" /><testcase classname="backend.tests.test_iteration13_features.TestDevLogin" name="test_dev_login_parent" time="0.069" /><testcase classname="backend.tests.test_iteration13_features.TestDevLogin" name="test_dev_login_child" time="0.037" /><testcase classname="backend.tests.test_iteration13_features.TestDevLogin" name="test_auth_me_with_parent_token" time="0.060" /><testcase classname="backend.tests.test_iteration13_features.TestDevLogin" name="test_auth_me_with_child_token" time="0.037" /><testcase classname="backend.tests.test_iteration13_features.TestReadingLogs" name="test_create_reading_log_with_book_title" time="0.040" /><testcase classname="backend.tests.test_iteration13_features.TestReadingLogs" name="test_create_reading_log_with_book_name" time="0.039" /><testcase classname="backend.tests.test_iteration13_features.TestReadingLogs" name="test_get_reading_logs" time="0.040" /><testcase classname="backend.tests.test_iteration13_features.TestReadingLogs" name="test_approve_reading_log" time="0.113" /><testcase classname="backend.tests.test_iteration13_features.TestChores" name="test_create_chore" time="0.041" /><testcase classname="backend.tests.test_iteration13_features.TestChores" name="test_get_chores" time="0.041" /><testcase classname="backend.tests.test_iteration13_features.TestChores" name="test_claim_chore" time="0.077" /><testcase classname="backend.tests.test_iteration13_features.TestChores" name="test_complete_chore" time="0.121" /><testcase classname="backend.tests.test_iteration13_features.TestPointsAdjustment" name="test_modify_child_points_add" time="0.036" /><testcase classname="backend.tests.test_iteration13_features.TestPointsAdjustment" name="test_modify_child_points_remove" time="0.035" /><testcase classname="backend.tests.test_iteration13_features.TestPointsAdjustment" name="test_child_cannot_modify_points" time="0.037" /><testcase classname="backend.tests.test_iteration13_features.TestFamilyWall" name="test_create_text_post" time="0.044" /><testcase classname="backend.tests.test_iteration13_features.TestFamilyWall" name="test_create_poll_post" time="0.046" /><testcase classname="backend.tests.test_iteration13_features.TestFamilyWall" name="test_get_family_wall" time="0.082" /><testcase classname="backend.tests.test_iteration13_features.TestChatMessages" name="test_send_message" time="0.051" /><testcase classname="backend.tests.test_iteration13_features.TestChatMessages" name="test_get_messages" time="0.109" /><testcase classname="backend.tests.test_iteration13_features.TestChatMessages" name="test_child_send_message" time="0.034" /><testcase classname="backend.tests.test_iteration13_features.TestLeaderboard" name="test_get_leaderboard" time="0.037" /><testcase classname="backend.tests.test_iteration13_features.TestLeaderboard" name="test_child_get_leaderboard" time="0.036" /><testcase classname="backend.tests.test_iteration13_features.TestWeatherAPI" name="test_get_weather_with_coords" time="0.191" /><testcase classname="backend.tests.test_iteration13_features.TestWeatherAPI" name="test_get_weather_without_auth" time="0.646" /></testsuite></testsuites>