<?xml version="1.0" encoding="utf-8"?><testsuites name="pytest tests"><testsuite name="pytest" errors="0" failures="0" skipped="0" tests="24" time="65.498" timestamp="2026-02-07T01:10:24.459252+00:00" hostname="agent-env-cd3dc0c4-25ce-4dc4-9272-33b66081496b"><testcase classname="backend.tests.test_iteration16_pixie_ai.TestHealthCheck" name="test_health_check_returns_healthy" time="0.056" /><testcase classname="backend.tests.test_iteration16_pixie_ai.TestDevLogin" name="test_dev_login_parent" time="0.087" /><testcase classname="backend.tests.test_iteration16_pixie_ai.TestDevLogin" name="test_dev_login_child" time="0.042" /><testcase classname="backend.tests.test_iteration16_pixie_ai.TestPixieAIAssistant" name="test_pixie_basic_greeting" time="1.759" /><testcase classname="backend.tests.test_iteration16_pixie_ai.TestPixieAIAssistant" name="test_pixie_dinner_suggestion" time="4.637" /><testcase classname="backend.tests.test_iteration16_pixie_ai.TestPixieAIAssistant" name="test_pixie_chore_motivation" time="3.679" /><testcase classname="backend.tests.test_iteration16_pixie_ai.TestPixieAIAssistant" name="test_pixie_homework_help" time="2.426" /><testcase classname="backend.tests.test_iteration16_pixie_ai.TestPixieAIAssistant" name="test_pixie_with_context" time="6.973" /><testcase classname="backend.tests.test_iteration16_pixie_ai.TestPixieAIAssistant" name="test_pixie_requires_auth" time="0.118" /><testcase classname="backend.tests.test_iteration16_pixie_ai.TestAIMealPlan" name="test_meal_plan_basic" time="11.571" /><testcase classname="backend.tests.test_iteration16_pixie_ai.TestAIMealPlan" name="test_meal_plan_with_preferences" time="10.684" /><testcase classname="backend.tests.test_iteration16_pixie_ai.TestAIChoreTips" name="test_chore_tips_basic" time="4.022" /><testcase classname="backend.tests.test_iteration16_pixie_ai.TestAIChoreTips" name="test_chore_tips_different_chore" time="3.249" /><testcase classname="backend.tests.test_iteration16_pixie_ai.TestAIFamilyActivity" name="test_family_activity_basic" time="6.791" /><testcase classname="backend.tests.test_iteration16_pixie_ai.TestAIFamilyActivity" name="test_family_activity_indoor" time="8.031" /><testcase classname="backend.tests.test_iteration16_pixie_ai.TestPointsAdjustment" name="test_add_points" time="0.175" /><testcase classname="backend.tests.test_iteration16_pixie_ai.TestPointsAdjustment" name="test_deduct_points" time="0.191" /><testcase classname="backend.tests.test_iteration16_pixie_ai.TestPointsAdjustment" name="test_child_cannot_modify_points" time="0.140" /><testcase classname="backend.tests.test_iteration16_pixie_ai.TestShoppingList" name="test_add_shopping_item" time="0.122" /><testcase classname="backend.tests.test_iteration16_pixie_ai.TestShoppingList" name="test_get_shopping_list" time="0.108" /><testcase classname="backend.tests.test_iteration16_pixie_ai.TestChores" name="test_list_chores" time="0.137" /><testcase classname="backend.tests.test_iteration16_pixie_ai.TestChores" name="test_create_chore_as_parent" time="0.136" /><testcase classname="backend.tests.test_iteration16_pixie_ai.TestChores" name="test_child_cannot_create_chore" time="0.131" /><testcase classname="backend.tests.test_iteration16_pixie_ai.TestChores" name="test_claim_unassigned_chore" time="0.173" /></testsuite></testsuites>