<?xml version="1.0" encoding="utf-8"?><testsuites name="pytest tests"><testsuite name="pytest" errors="0" failures="0" skipped="0" tests="18" time="6.098" timestamp="2026-03-26T14:34:52.918274+00:00" hostname="agent-env-20b9cfcf-2cf1-4356-9872-efacfdf241b5"><testcase classname="backend.tests.test_iteration31_deployment.TestHealthAndAuth" name="test_health_check" time="0.223" /><testcase classname="backend.tests.test_iteration31_deployment.TestHealthAndAuth" name="test_dev_login_parent" time="0.293" /><testcase classname="backend.tests.test_iteration31_deployment.TestHealthAndAuth" name="test_auth_me_with_token" time="0.509" /><testcase classname="backend.tests.test_iteration31_deployment.TestHealthAndAuth" name="test_auth_me_without_token" time="0.164" /><testcase classname="backend.tests.test_iteration31_deployment.TestChildLogin" name="test_child_login_missing_credentials" time="0.165" /><testcase classname="backend.tests.test_iteration31_deployment.TestChildLogin" name="test_child_login_invalid_credentials" time="0.115" /><testcase classname="backend.tests.test_iteration31_deployment.TestFamilyEndpoints" name="test_get_families" time="0.368" /><testcase classname="backend.tests.test_iteration31_deployment.TestFamilyEndpoints" name="test_get_family_members" time="0.616" /><testcase classname="backend.tests.test_iteration31_deployment.TestCalendarEndpoints" name="test_get_events" time="0.341" /><testcase classname="backend.tests.test_iteration31_deployment.TestShoppingEndpoints" name="test_get_shopping_items" time="0.410" /><testcase classname="backend.tests.test_iteration31_deployment.TestFamilyWallEndpoints" name="test_get_family_wall" time="0.463" /><testcase classname="backend.tests.test_iteration31_deployment.TestFamilyWallEndpoints" name="test_get_daily_quote" time="0.347" /><testcase classname="backend.tests.test_iteration31_deployment.TestDinnerEndpoints" name="test_get_dinner_schedule" time="0.346" /><testcase classname="backend.tests.test_iteration31_deployment.TestRewardsEndpoints" name="test_get_rewards" time="0.429" /><testcase classname="backend.tests.test_iteration31_deployment.TestLeaderboardEndpoints" name="test_get_leaderboard" time="0.457" /><testcase classname="backend.tests.test_iteration31_deployment.TestSettingsEndpoints" name="test_get_user_settings" time="0.323" /><testcase classname="backend.tests.test_iteration31_deployment.TestWSTokenEndpoint" name="test_get_ws_token_authenticated" time="0.327" /><testcase classname="backend.tests.test_iteration31_deployment.TestWSTokenEndpoint" name="test_get_ws_token_unauthenticated" time="0.121" /></testsuite></testsuites>