<?xml version="1.0" encoding="utf-8"?><testsuites name="pytest tests"><testsuite name="pytest" errors="0" failures="0" skipped="0" tests="11" time="5.431" timestamp="2026-03-27T00:59:08.575130+00:00" hostname="agent-env-77e86c82-839a-49d5-b1ac-75206afe9330"><testcase classname="backend.tests.test_iteration_36.TestHomeHubUserFamilyResolution" name="test_home_hub_auth_me_returns_correct_data" time="0.336" /><testcase classname="backend.tests.test_iteration_36.TestHomeHubUserFamilyResolution" name="test_home_hub_gets_families_via_linkage" time="0.240" /><testcase classname="backend.tests.test_iteration_36.TestHomeHubUserFamilyResolution" name="test_home_hub_gets_family_members" time="0.450" /><testcase classname="backend.tests.test_iteration_36.TestHomeHubUserFamilyResolution" name="test_elizabeth_role_is_parent" time="0.250" /><testcase classname="backend.tests.test_iteration_36.TestHomeHubUserFamilyResolution" name="test_zachery_role_is_parent_not_admin" time="0.749" /><testcase classname="backend.tests.test_iteration_36.TestHomeHubUserFamilyResolution" name="test_home_hub_role_in_family_members" time="0.810" /><testcase classname="backend.tests.test_iteration_36.TestHomeHubUserFamilyResolution" name="test_elizabeth_role_in_family_members" time="0.836" /><testcase classname="backend.tests.test_iteration_36.TestHomeHubUserFamilyResolution" name="test_no_admin_roles_in_family_members" time="0.870" /><testcase classname="backend.tests.test_iteration_36.TestHomeHubPageAccess" name="test_home_hub_can_access_calendar" time="0.228" /><testcase classname="backend.tests.test_iteration_36.TestHomeHubPageAccess" name="test_home_hub_can_access_chores" time="0.314" /><testcase classname="backend.tests.test_iteration_36.TestHomeHubPageAccess" name="test_home_hub_can_access_shopping" time="0.274" /></testsuite></testsuites>