<?xml version="1.0" encoding="utf-8"?><testsuites name="pytest tests"><testsuite name="pytest" errors="0" failures="11" skipped="0" tests="22" time="1.121" timestamp="2026-02-04T04:30:11.734446+00:00" hostname="agent-env-8f90de41-f74b-4c16-8413-7cae11975fee"><testcase classname="backend.tests.test_mobile_features.TestMobileOAuth" name="test_mobile_oauth_redirect_info" time="0.070" /><testcase classname="backend.tests.test_mobile_features.TestMobileOAuth" name="test_mobile_oauth_callback_missing_session_id" time="0.036" /><testcase classname="backend.tests.test_mobile_features.TestMobileOAuth" name="test_mobile_oauth_callback_invalid_session" time="0.128" /><testcase classname="backend.tests.test_mobile_features.TestPushNotifications" name="test_register_device_requires_auth" time="0.037" /><testcase classname="backend.tests.test_mobile_features.TestPushNotifications" name="test_register_device_success" time="0.039"><failure message="assert 401 == 200&#10; +  where 401 = &lt;Response [401]&gt;.status_code">backend/tests/test_mobile_features.py:74: in test_register_device_success
    assert response.status_code == 200
E   assert 401 == 200
E    +  where 401 = &lt;Response [401]&gt;.status_code</failure></testcase><testcase classname="backend.tests.test_mobile_features.TestPushNotifications" name="test_register_device_missing_token" time="0.035"><failure message="assert 401 == 400&#10; +  where 401 = &lt;Response [401]&gt;.status_code">backend/tests/test_mobile_features.py:86: in test_register_device_missing_token
    assert response.status_code == 400
E   assert 401 == 400
E    +  where 401 = &lt;Response [401]&gt;.status_code</failure></testcase><testcase classname="backend.tests.test_mobile_features.TestPushNotifications" name="test_unregister_device_requires_auth" time="0.032" /><testcase classname="backend.tests.test_mobile_features.TestPushNotifications" name="test_unregister_device_success" time="0.037"><failure message="assert 401 == 200&#10; +  where 401 = &lt;Response [401]&gt;.status_code">backend/tests/test_mobile_features.py:107: in test_unregister_device_success
    assert response.status_code == 200
E   assert 401 == 200
E    +  where 401 = &lt;Response [401]&gt;.status_code</failure></testcase><testcase classname="backend.tests.test_mobile_features.TestTutorialEndpoints" name="test_tutorial_content_requires_auth" time="0.037" /><testcase classname="backend.tests.test_mobile_features.TestTutorialEndpoints" name="test_tutorial_content_returns_slides" time="0.037"><failure message="assert 401 == 200&#10; +  where 401 = &lt;Response [401]&gt;.status_code">backend/tests/test_mobile_features.py:128: in test_tutorial_content_returns_slides
    assert response.status_code == 200
E   assert 401 == 200
E    +  where 401 = &lt;Response [401]&gt;.status_code</failure></testcase><testcase classname="backend.tests.test_mobile_features.TestTutorialEndpoints" name="test_tutorial_complete_requires_auth" time="0.038" /><testcase classname="backend.tests.test_mobile_features.TestTutorialEndpoints" name="test_tutorial_complete_success" time="0.034"><failure message="assert 401 == 200&#10; +  where 401 = &lt;Response [401]&gt;.status_code">backend/tests/test_mobile_features.py:160: in test_tutorial_complete_success
    assert response.status_code == 200
E   assert 401 == 200
E    +  where 401 = &lt;Response [401]&gt;.status_code</failure></testcase><testcase classname="backend.tests.test_mobile_features.TestTutorialEndpoints" name="test_tutorial_content_after_complete" time="0.032"><failure message="assert 401 == 200&#10; +  where 401 = &lt;Response [401]&gt;.status_code">backend/tests/test_mobile_features.py:171: in test_tutorial_content_after_complete
    assert response.status_code == 200
E   assert 401 == 200
E    +  where 401 = &lt;Response [401]&gt;.status_code</failure></testcase><testcase classname="backend.tests.test_mobile_features.TestTutorialEndpoints" name="test_tutorial_reset_requires_auth" time="0.036" /><testcase classname="backend.tests.test_mobile_features.TestTutorialEndpoints" name="test_tutorial_reset_success" time="0.038"><failure message="assert 401 == 200&#10; +  where 401 = &lt;Response [401]&gt;.status_code">backend/tests/test_mobile_features.py:189: in test_tutorial_reset_success
    assert response.status_code == 200
E   assert 401 == 200
E    +  where 401 = &lt;Response [401]&gt;.status_code</failure></testcase><testcase classname="backend.tests.test_mobile_features.TestTutorialEndpoints" name="test_tutorial_content_after_reset" time="0.038"><failure message="assert 401 == 200&#10; +  where 401 = &lt;Response [401]&gt;.status_code">backend/tests/test_mobile_features.py:200: in test_tutorial_content_after_reset
    assert response.status_code == 200
E   assert 401 == 200
E    +  where 401 = &lt;Response [401]&gt;.status_code</failure></testcase><testcase classname="backend.tests.test_mobile_features.TestWebPushEndpoints" name="test_vapid_key_public" time="0.041" /><testcase classname="backend.tests.test_mobile_features.TestWebPushEndpoints" name="test_push_subscribe_requires_auth" time="0.047" /><testcase classname="backend.tests.test_mobile_features.TestWebPushEndpoints" name="test_push_subscribe_success" time="0.045"><failure message="assert 401 == 200&#10; +  where 401 = &lt;Response [401]&gt;.status_code">backend/tests/test_mobile_features.py:238: in test_push_subscribe_success
    assert response.status_code == 200
E   assert 401 == 200
E    +  where 401 = &lt;Response [401]&gt;.status_code</failure></testcase><testcase classname="backend.tests.test_mobile_features.TestWebPushEndpoints" name="test_push_unsubscribe_requires_auth" time="0.047" /><testcase classname="backend.tests.test_mobile_features.TestWebPushEndpoints" name="test_push_unsubscribe_success" time="0.035"><failure message="assert 401 == 200&#10; +  where 401 = &lt;Response [401]&gt;.status_code">backend/tests/test_mobile_features.py:256: in test_push_unsubscribe_success
    assert response.status_code == 200
E   assert 401 == 200
E    +  where 401 = &lt;Response [401]&gt;.status_code</failure></testcase><testcase classname="backend.tests.test_mobile_features.TestExistingAuthEndpoints" name="test_auth_me_with_session" time="0.034"><failure message="assert 401 == 200&#10; +  where 401 = &lt;Response [401]&gt;.status_code">backend/tests/test_mobile_features.py:271: in test_auth_me_with_session
    assert response.status_code == 200
E   assert 401 == 200
E    +  where 401 = &lt;Response [401]&gt;.status_code</failure></testcase></testsuite></testsuites>