<?xml version="1.0" encoding="utf-8"?><testsuites name="pytest tests"><testsuite name="pytest" errors="0" failures="0" skipped="0" tests="10" time="0.519" timestamp="2026-02-04T00:06:06.133482+00:00" hostname="agent-env-451ac71f-d366-4fe0-b7a6-938af9ba20d3"><testcase classname="backend.tests.test_weather_push.TestWeatherAPI" name="test_weather_endpoint_returns_data" time="0.078" /><testcase classname="backend.tests.test_weather_push.TestWeatherAPI" name="test_weather_endpoint_with_coordinates" time="0.035" /><testcase classname="backend.tests.test_weather_push.TestWeatherAPI" name="test_weather_returns_mocked_flag" time="0.038" /><testcase classname="backend.tests.test_weather_push.TestPushNotificationAPI" name="test_vapid_key_endpoint" time="0.037" /><testcase classname="backend.tests.test_weather_push.TestPushNotificationAPI" name="test_push_subscribe_requires_auth" time="0.035" /><testcase classname="backend.tests.test_weather_push.TestPushNotificationAPI" name="test_push_unsubscribe_requires_auth" time="0.034" /><testcase classname="backend.tests.test_weather_push.TestPushNotificationWithAuth" name="test_push_subscribe_with_auth" time="0.042" /><testcase classname="backend.tests.test_weather_push.TestPushNotificationWithAuth" name="test_push_unsubscribe_with_auth" time="0.034" /><testcase classname="backend.tests.test_weather_push.TestWeatherConditionMapping" name="test_weather_condition_is_valid" time="0.035" /><testcase classname="backend.tests.test_weather_push.TestWeatherConditionMapping" name="test_weather_temp_is_reasonable" time="0.039" /></testsuite></testsuites>