<?xml version="1.0" encoding="utf-8"?><testsuites name="pytest tests"><testsuite name="pytest" errors="0" failures="0" skipped="0" tests="15" time="10.170" timestamp="2026-03-27T00:04:57.918968+00:00" hostname="agent-env-77e86c82-839a-49d5-b1ac-75206afe9330"><testcase classname="backend.tests.test_iteration_34.TestDevLogin" name="test_dev_login_zachery_parent" time="0.578" /><testcase classname="backend.tests.test_iteration_34.TestDevLogin" name="test_dev_login_elizabeth_parent" time="0.159" /><testcase classname="backend.tests.test_iteration_34.TestRoleChange" name="test_change_elizabeth_to_homehub" time="0.610" /><testcase classname="backend.tests.test_iteration_34.TestRoleChange" name="test_verify_elizabeth_is_homehub" time="0.696" /><testcase classname="backend.tests.test_iteration_34.TestRoleChange" name="test_change_elizabeth_back_to_parent" time="0.767" /><testcase classname="backend.tests.test_iteration_34.TestRoleChange" name="test_role_validation_rejects_invalid" time="0.555" /><testcase classname="backend.tests.test_iteration_34.TestChoreNotifications" name="test_create_chore_creates_notification" time="0.646" /><testcase classname="backend.tests.test_iteration_34.TestChoreCompletion" name="test_complete_chore_endpoint" time="0.721" /><testcase classname="backend.tests.test_iteration_34.TestCalendarNotifications" name="test_create_event_with_assignee" time="1.154" /><testcase classname="backend.tests.test_iteration_34.TestShoppingNotifications" name="test_create_shopping_item" time="0.630" /><testcase classname="backend.tests.test_iteration_34.TestShoppingNotifications" name="test_update_shopping_item_status" time="0.672" /><testcase classname="backend.tests.test_iteration_34.TestChoreApproval" name="test_approve_chore_creates_notification" time="0.734" /><testcase classname="backend.tests.test_iteration_34.TestChoreApproval" name="test_deny_chore_creates_notification" time="0.791" /><testcase classname="backend.tests.test_iteration_34.TestFamilyMemberCredentials" name="test_get_family_members_detailed" time="0.695" /><testcase classname="backend.tests.test_iteration_34.TestCleanup" name="test_restore_elizabeth_to_parent" time="0.665" /></testsuite></testsuites>