<?xml version="1.0" encoding="utf-8"?><testsuites name="pytest tests"><testsuite name="pytest" errors="0" failures="15" skipped="0" tests="19" time="1.155" timestamp="2026-02-04T02:53:43.590190+00:00" hostname="agent-env-451ac71f-d366-4fe0-b7a6-938af9ba20d3"><testcase classname="backend.tests.test_battery_feature.TestBatteryPermissions" name="test_get_permissions_child" time="0.074"><failure message="assert 401 == 200&#10; +  where 401 = &lt;Response [401]&gt;.status_code">backend/tests/test_battery_feature.py:32: in test_get_permissions_child
    assert response.status_code == 200
E   assert 401 == 200
E    +  where 401 = &lt;Response [401]&gt;.status_code</failure></testcase><testcase classname="backend.tests.test_battery_feature.TestBatteryPermissions" name="test_get_permissions_parent" time="0.040"><failure message="assert 401 == 200&#10; +  where 401 = &lt;Response [401]&gt;.status_code">backend/tests/test_battery_feature.py:44: in test_get_permissions_parent
    assert response.status_code == 200
E   assert 401 == 200
E    +  where 401 = &lt;Response [401]&gt;.status_code</failure></testcase><testcase classname="backend.tests.test_battery_feature.TestBatteryPermissions" name="test_get_permissions_no_auth" time="0.043" /><testcase classname="backend.tests.test_battery_feature.TestBatteryPermissions" name="test_toggle_battery_permission_enable" time="0.037"><failure message="assert 401 == 200&#10; +  where 401 = &lt;Response [401]&gt;.status_code">backend/tests/test_battery_feature.py:61: in test_toggle_battery_permission_enable
    assert response.status_code == 200
E   assert 401 == 200
E    +  where 401 = &lt;Response [401]&gt;.status_code</failure></testcase><testcase classname="backend.tests.test_battery_feature.TestBatteryPermissions" name="test_toggle_battery_permission_disable" time="0.038"><failure message="assert 401 == 200&#10; +  where 401 = &lt;Response [401]&gt;.status_code">backend/tests/test_battery_feature.py:74: in test_toggle_battery_permission_disable
    assert response.status_code == 200
E   assert 401 == 200
E    +  where 401 = &lt;Response [401]&gt;.status_code</failure></testcase><testcase classname="backend.tests.test_battery_feature.TestBatteryPermissions" name="test_toggle_battery_permission_no_auth" time="0.037" /><testcase classname="backend.tests.test_battery_feature.TestBatteryUpdate" name="test_update_battery_valid" time="0.034"><failure message="assert 401 == 200&#10; +  where 401 = &lt;Response [401]&gt;.status_code">backend/tests/test_battery_feature.py:106: in test_update_battery_valid
    assert response.status_code == 200
E   assert 401 == 200
E    +  where 401 = &lt;Response [401]&gt;.status_code</failure></testcase><testcase classname="backend.tests.test_battery_feature.TestBatteryUpdate" name="test_update_battery_charging" time="0.034"><failure message="assert 401 == 200&#10; +  where 401 = &lt;Response [401]&gt;.status_code">backend/tests/test_battery_feature.py:119: in test_update_battery_charging
    assert response.status_code == 200
E   assert 401 == 200
E    +  where 401 = &lt;Response [401]&gt;.status_code</failure></testcase><testcase classname="backend.tests.test_battery_feature.TestBatteryUpdate" name="test_update_battery_invalid_level_negative" time="0.037"><failure message="assert 401 == 400&#10; +  where 401 = &lt;Response [401]&gt;.status_code">backend/tests/test_battery_feature.py:132: in test_update_battery_invalid_level_negative
    assert response.status_code == 400
E   assert 401 == 400
E    +  where 401 = &lt;Response [401]&gt;.status_code</failure></testcase><testcase classname="backend.tests.test_battery_feature.TestBatteryUpdate" name="test_update_battery_invalid_level_over_100" time="0.035"><failure message="assert 401 == 400&#10; +  where 401 = &lt;Response [401]&gt;.status_code">backend/tests/test_battery_feature.py:142: in test_update_battery_invalid_level_over_100
    assert response.status_code == 400
E   assert 401 == 400
E    +  where 401 = &lt;Response [401]&gt;.status_code</failure></testcase><testcase classname="backend.tests.test_battery_feature.TestBatteryUpdate" name="test_update_battery_missing_level" time="0.074"><failure message="assert 401 == 400&#10; +  where 401 = &lt;Response [401]&gt;.status_code">backend/tests/test_battery_feature.py:152: in test_update_battery_missing_level
    assert response.status_code == 400
E   assert 401 == 400
E    +  where 401 = &lt;Response [401]&gt;.status_code</failure></testcase><testcase classname="backend.tests.test_battery_feature.TestBatteryUpdate" name="test_update_battery_no_auth" time="0.034" /><testcase classname="backend.tests.test_battery_feature.TestBatteryUpdate" name="test_update_battery_without_permission" time="0.070"><failure message="assert 401 == 200&#10; +  where 401 = &lt;Response [401]&gt;.status_code">backend/tests/test_battery_feature.py:178: in test_update_battery_without_permission
    assert response.status_code == 200
E   assert 401 == 200
E    +  where 401 = &lt;Response [401]&gt;.status_code</failure></testcase><testcase classname="backend.tests.test_battery_feature.TestFamilyBatteryStatus" name="test_get_family_battery_parent" time="0.143"><failure message="assert 401 == 200&#10; +  where 401 = &lt;Response [401]&gt;.status_code">backend/tests/test_battery_feature.py:214: in test_get_family_battery_parent
    assert response.status_code == 200
E   assert 401 == 200
E    +  where 401 = &lt;Response [401]&gt;.status_code</failure></testcase><testcase classname="backend.tests.test_battery_feature.TestFamilyBatteryStatus" name="test_get_family_battery_child_forbidden" time="0.041"><failure message="assert 401 == 403&#10; +  where 401 = &lt;Response [401]&gt;.status_code">backend/tests/test_battery_feature.py:236: in test_get_family_battery_child_forbidden
    assert response.status_code == 403
E   assert 401 == 403
E    +  where 401 = &lt;Response [401]&gt;.status_code</failure></testcase><testcase classname="backend.tests.test_battery_feature.TestFamilyBatteryStatus" name="test_get_family_battery_no_auth" time="0.038" /><testcase classname="backend.tests.test_battery_feature.TestLowBatteryNotification" name="test_low_battery_creates_notification" time="0.083"><failure message="assert 401 == 200&#10; +  where 401 = &lt;Response [401]&gt;.status_code">backend/tests/test_battery_feature.py:263: in test_low_battery_creates_notification
    assert response.status_code == 200
E   assert 401 == 200
E    +  where 401 = &lt;Response [401]&gt;.status_code</failure></testcase><testcase classname="backend.tests.test_battery_feature.TestLowBatteryNotification" name="test_low_battery_no_notification_when_charging" time="0.031"><failure message="assert 401 == 200&#10; +  where 401 = &lt;Response [401]&gt;.status_code">backend/tests/test_battery_feature.py:293: in test_low_battery_no_notification_when_charging
    assert response.status_code == 200
E   assert 401 == 200
E    +  where 401 = &lt;Response [401]&gt;.status_code</failure></testcase><testcase classname="backend.tests.test_battery_feature.TestBatteryDataPersistence" name="test_battery_data_persists" time="0.032"><failure message="assert 401 == 200&#10; +  where 401 = &lt;Response [401]&gt;.status_code">backend/tests/test_battery_feature.py:317: in test_battery_data_persists
    assert update_response.status_code == 200
E   assert 401 == 200
E    +  where 401 = &lt;Response [401]&gt;.status_code</failure></testcase></testsuite></testsuites>