<?xml version="1.0" encoding="utf-8"?><testsuites name="pytest tests"><testsuite name="pytest" errors="0" failures="1" skipped="0" tests="21" time="18.196" timestamp="2026-02-07T17:57:55.115664+00:00" hostname="agent-env-f804ab41-fa7a-4612-824c-3b198d8d8319"><testcase classname="backend.tests.test_iteration22_new_features.TestDevLogin" name="test_dev_login_parent" time="0.106" /><testcase classname="backend.tests.test_iteration22_new_features.TestDevLogin" name="test_dev_login_child" time="0.043" /><testcase classname="backend.tests.test_iteration22_new_features.TestPixieAIWithWeather" name="test_pixie_basic_message" time="2.200" /><testcase classname="backend.tests.test_iteration22_new_features.TestPixieAIWithWeather" name="test_pixie_activity_suggestion_triggers_weather" time="4.629" /><testcase classname="backend.tests.test_iteration22_new_features.TestPixieAIWithWeather" name="test_pixie_weather_keyword" time="4.374" /><testcase classname="backend.tests.test_iteration22_new_features.TestPixieAIWithWeather" name="test_pixie_fun_keyword" time="4.684" /><testcase classname="backend.tests.test_iteration22_new_features.TestCheckinsEndpoint" name="test_create_checkin" time="0.203" /><testcase classname="backend.tests.test_iteration22_new_features.TestCheckinsEndpoint" name="test_get_user_checkins" time="0.193" /><testcase classname="backend.tests.test_iteration22_new_features.TestCheckinsEndpoint" name="test_get_last_checkin" time="0.183" /><testcase classname="backend.tests.test_iteration22_new_features.TestLocationAlerts" name="test_get_location_alerts" time="0.115" /><testcase classname="backend.tests.test_iteration22_new_features.TestLocationAlerts" name="test_create_geofence_alert" time="0.210" /><testcase classname="backend.tests.test_iteration22_new_features.TestPantryEndpoints" name="test_get_pantry" time="0.101" /><testcase classname="backend.tests.test_iteration22_new_features.TestPantryEndpoints" name="test_pantry_crud" time="0.101"><failure message="AssertionError: No item_id in response&#10;assert 'item_id' in {'item': {'added_at': '2026-02-07T17:58:12.332385+00:00', 'added_by': 'user_parent001', 'category': 'dairy', 'family_id': 'user_parent001', ...}}">backend/tests/test_iteration22_new_features.py:325: in test_pantry_crud
    assert "item_id" in item, "No item_id in response"
E   AssertionError: No item_id in response
E   assert 'item_id' in {'item': {'added_at': '2026-02-07T17:58:12.332385+00:00', 'added_by': 'user_parent001', 'category': 'dairy', 'family_id': 'user_parent001', ...}}</failure></testcase><testcase classname="backend.tests.test_iteration22_new_features.TestEventsEndpoint" name="test_get_events_no_timeout" time="0.102" /><testcase classname="backend.tests.test_iteration22_new_features.TestEventsEndpoint" name="test_create_event" time="0.138" /><testcase classname="backend.tests.test_iteration22_new_features.TestFamilyMembers" name="test_get_family_members" time="0.137" /><testcase classname="backend.tests.test_iteration22_new_features.TestFamilyMembers" name="test_create_child_profile" time="0.105" /><testcase classname="backend.tests.test_iteration22_new_features.TestShoppingList" name="test_get_shopping_list" time="0.102" /><testcase classname="backend.tests.test_iteration22_new_features.TestShoppingList" name="test_add_shopping_item" time="0.136" /><testcase classname="backend.tests.test_iteration22_new_features.TestShoppingList" name="test_shopping_item_crud" time="0.195" /><testcase classname="backend.tests.test_iteration22_new_features.TestHealthCheck" name="test_health_check" time="0.036" /></testsuite></testsuites>