<?xml version="1.0" encoding="utf-8"?><testsuites name="pytest tests"><testsuite name="pytest" errors="0" failures="2" skipped="0" tests="17" time="1.707" timestamp="2026-02-04T00:58:37.042887+00:00" hostname="agent-env-451ac71f-d366-4fe0-b7a6-938af9ba20d3"><testcase classname="backend.tests.test_iteration4_features.TestAuthAndBasics" name="test_auth_me_returns_user" time="0.078" /><testcase classname="backend.tests.test_iteration4_features.TestOnboardingEndpoints" name="test_get_onboarding_steps" time="0.036" /><testcase classname="backend.tests.test_iteration4_features.TestOnboardingEndpoints" name="test_complete_onboarding" time="0.051" /><testcase classname="backend.tests.test_iteration4_features.TestOnboardingEndpoints" name="test_reset_onboarding" time="0.046" /><testcase classname="backend.tests.test_iteration4_features.TestOnboardingEndpoints" name="test_onboarding_steps_after_reset" time="0.062" /><testcase classname="backend.tests.test_iteration4_features.TestDinnerPlannerEndpoints" name="test_get_dinner_plans" time="0.036" /><testcase classname="backend.tests.test_iteration4_features.TestDinnerPlannerEndpoints" name="test_create_weekly_meal_plan" time="0.632"><failure message="assert 520 == 200&#10; +  where 520 = &lt;Response [520]&gt;.status_code">backend/tests/test_iteration4_features.py:124: in test_create_weekly_meal_plan
    assert response.status_code == 200
E   assert 520 == 200
E    +  where 520 = &lt;Response [520]&gt;.status_code</failure></testcase><testcase classname="backend.tests.test_iteration4_features.TestDinnerPlannerEndpoints" name="test_dinner_suggest" time="0.308"><failure message="assert 520 == 200&#10; +  where 520 = &lt;Response [520]&gt;.status_code">backend/tests/test_iteration4_features.py:142: in test_dinner_suggest
    assert response.status_code == 200
E   assert 520 == 200
E    +  where 520 = &lt;Response [520]&gt;.status_code</failure></testcase><testcase classname="backend.tests.test_iteration4_features.TestProfilePictureUpload" name="test_upload_profile_picture" time="0.040" /><testcase classname="backend.tests.test_iteration4_features.TestProfilePictureUpload" name="test_upload_background_picture" time="0.037" /><testcase classname="backend.tests.test_iteration4_features.TestProfilePictureUpload" name="test_upload_picture_no_image" time="0.040" /><testcase classname="backend.tests.test_iteration4_features.TestProfilePictureUpload" name="test_upload_picture_unauthorized" time="0.001" /><testcase classname="backend.tests.test_iteration4_features.TestOnlineFamilyMembers" name="test_get_online_members" time="0.035" /><testcase classname="backend.tests.test_iteration4_features.TestMessagesEndpoints" name="test_get_messages" time="0.037" /><testcase classname="backend.tests.test_iteration4_features.TestMessagesEndpoints" name="test_send_message" time="0.035" /><testcase classname="backend.tests.test_iteration4_features.TestMessagesEndpoints" name="test_mark_message_read" time="0.043" /><testcase classname="backend.tests.test_iteration4_features.TestFamilyMembersEndpoint" name="test_get_family_members" time="0.040" /></testsuite></testsuites>