<?xml version="1.0" encoding="utf-8"?><testsuites name="pytest tests"><testsuite name="pytest" errors="0" failures="9" skipped="0" tests="51" time="21.067" timestamp="2026-02-08T03:47:57.395306+00:00" hostname="agent-env-9820afbc-490b-4700-9d02-e907aa9de2a5"><testcase classname="backend.tests.test_iteration24_comprehensive.TestHealthCheck" name="test_health_endpoint" time="0.074" /><testcase classname="backend.tests.test_iteration24_comprehensive.TestAuthentication" name="test_dev_login_parent" time="0.085" /><testcase classname="backend.tests.test_iteration24_comprehensive.TestAuthentication" name="test_dev_login_child" time="0.054" /><testcase classname="backend.tests.test_iteration24_comprehensive.TestFamilyMembers" name="test_get_family_members" time="0.163" /><testcase classname="backend.tests.test_iteration24_comprehensive.TestFamilyMembers" name="test_get_family_members_detailed" time="0.066" /><testcase classname="backend.tests.test_iteration24_comprehensive.TestFamilyMembers" name="test_get_family_info" time="0.047" /><testcase classname="backend.tests.test_iteration24_comprehensive.TestCustomAchievements" name="test_get_custom_achievements" time="0.043" /><testcase classname="backend.tests.test_iteration24_comprehensive.TestCustomAchievements" name="test_create_custom_achievement" time="1.278"><failure message="KeyError: 'points'">backend/tests/test_iteration24_comprehensive.py:159: in test_create_custom_achievement
    assert data['points'] == 50
           ^^^^^^^^^^^^^^
E   KeyError: 'points'</failure></testcase><testcase classname="backend.tests.test_iteration24_comprehensive.TestCustomAchievements" name="test_update_custom_achievement" time="0.811"><failure message="KeyError: 'points'">backend/tests/test_iteration24_comprehensive.py:186: in test_update_custom_achievement
    assert updated_data['points'] == 75
           ^^^^^^^^^^^^^^^^^^^^^^
E   KeyError: 'points'</failure></testcase><testcase classname="backend.tests.test_iteration24_comprehensive.TestCustomAchievements" name="test_delete_custom_achievement" time="0.773" /><testcase classname="backend.tests.test_iteration24_comprehensive.TestCustomAchievements" name="test_get_all_achievements" time="0.045" /><testcase classname="backend.tests.test_iteration24_comprehensive.TestGoals" name="test_get_goals" time="0.043" /><testcase classname="backend.tests.test_iteration24_comprehensive.TestGoals" name="test_create_goal" time="0.044" /><testcase classname="backend.tests.test_iteration24_comprehensive.TestGoals" name="test_update_goal" time="0.079"><failure message="KeyError: 'progress'">backend/tests/test_iteration24_comprehensive.py:272: in test_update_goal
    assert updated_data['progress'] == 25
           ^^^^^^^^^^^^^^^^^^^^^^^^
E   KeyError: 'progress'</failure></testcase><testcase classname="backend.tests.test_iteration24_comprehensive.TestGoals" name="test_delete_goal" time="0.081" /><testcase classname="backend.tests.test_iteration24_comprehensive.TestChores" name="test_get_chores" time="0.047" /><testcase classname="backend.tests.test_iteration24_comprehensive.TestChores" name="test_get_chore_types" time="0.046" /><testcase classname="backend.tests.test_iteration24_comprehensive.TestChores" name="test_create_chore" time="0.043" /><testcase classname="backend.tests.test_iteration24_comprehensive.TestChores" name="test_delete_chore" time="0.079" /><testcase classname="backend.tests.test_iteration24_comprehensive.TestShoppingList" name="test_get_shopping_list" time="0.047" /><testcase classname="backend.tests.test_iteration24_comprehensive.TestShoppingList" name="test_add_shopping_item" time="0.041" /><testcase classname="backend.tests.test_iteration24_comprehensive.TestShoppingList" name="test_delete_shopping_item" time="0.083" /><testcase classname="backend.tests.test_iteration24_comprehensive.TestPantry" name="test_get_pantry" time="0.042" /><testcase classname="backend.tests.test_iteration24_comprehensive.TestPantry" name="test_add_pantry_item" time="0.047"><failure message="KeyError: 'name'">backend/tests/test_iteration24_comprehensive.py:432: in test_add_pantry_item
    assert data['name'] == unique_name
           ^^^^^^^^^^^^
E   KeyError: 'name'</failure></testcase><testcase classname="backend.tests.test_iteration24_comprehensive.TestPantry" name="test_update_pantry_item" time="0.042"><failure message="KeyError: 'item_id'">backend/tests/test_iteration24_comprehensive.py:448: in test_update_pantry_item
    item_id = create_response.json()['item_id']
              ^^^^^^^^^^^^^^^^^^^^^^^^^^^^^^^^^
E   KeyError: 'item_id'</failure></testcase><testcase classname="backend.tests.test_iteration24_comprehensive.TestPantry" name="test_delete_pantry_item" time="0.044"><failure message="KeyError: 'item_id'">backend/tests/test_iteration24_comprehensive.py:470: in test_delete_pantry_item
    item_id = create_response.json()['item_id']
              ^^^^^^^^^^^^^^^^^^^^^^^^^^^^^^^^^
E   KeyError: 'item_id'</failure></testcase><testcase classname="backend.tests.test_iteration24_comprehensive.TestRewards" name="test_get_rewards" time="0.046" /><testcase classname="backend.tests.test_iteration24_comprehensive.TestRewards" name="test_create_reward" time="0.045" /><testcase classname="backend.tests.test_iteration24_comprehensive.TestRewards" name="test_update_reward" time="0.079" /><testcase classname="backend.tests.test_iteration24_comprehensive.TestRewards" name="test_delete_reward" time="0.084" /><testcase classname="backend.tests.test_iteration24_comprehensive.TestFamilyWall" name="test_get_family_wall" time="0.090" /><testcase classname="backend.tests.test_iteration24_comprehensive.TestFamilyWall" name="test_create_text_post" time="0.053" /><testcase classname="backend.tests.test_iteration24_comprehensive.TestFamilyWall" name="test_create_poll_post" time="0.043" /><testcase classname="backend.tests.test_iteration24_comprehensive.TestFamilyWall" name="test_vote_on_poll" time="0.128" /><testcase classname="backend.tests.test_iteration24_comprehensive.TestCalendarEvents" name="test_get_events" time="0.072" /><testcase classname="backend.tests.test_iteration24_comprehensive.TestCalendarEvents" name="test_create_event" time="0.055" /><testcase classname="backend.tests.test_iteration24_comprehensive.TestCalendarEvents" name="test_get_pending_events" time="0.057" /><testcase classname="backend.tests.test_iteration24_comprehensive.TestAIPixie" name="test_pixie_chat" time="0.040"><failure message="assert 520 == 200&#10; +  where 520 = &lt;Response [520]&gt;.status_code">backend/tests/test_iteration24_comprehensive.py:682: in test_pixie_chat
    assert response.status_code == 200
E   assert 520 == 200
E    +  where 520 = &lt;Response [520]&gt;.status_code</failure></testcase><testcase classname="backend.tests.test_iteration24_comprehensive.TestAIPixie" name="test_pixie_meal_suggestion" time="0.035"><failure message="assert 520 == 200&#10; +  where 520 = &lt;Response [520]&gt;.status_code">backend/tests/test_iteration24_comprehensive.py:696: in test_pixie_meal_suggestion
    assert response.status_code == 200
E   assert 520 == 200
E    +  where 520 = &lt;Response [520]&gt;.status_code</failure></testcase><testcase classname="backend.tests.test_iteration24_comprehensive.TestDinnerPlanner" name="test_suggest_dinner" time="6.020" /><testcase classname="backend.tests.test_iteration24_comprehensive.TestDinnerPlanner" name="test_get_dinner_plans" time="0.060" /><testcase classname="backend.tests.test_iteration24_comprehensive.TestDinnerPlanner" name="test_get_pantry_summary_for_dinner" time="0.040" /><testcase classname="backend.tests.test_iteration24_comprehensive.TestAchievementAISuggestions" name="test_get_ai_suggestions" time="9.227" /><testcase classname="backend.tests.test_iteration24_comprehensive.TestRecipes" name="test_get_recipes" time="0.061" /><testcase classname="backend.tests.test_iteration24_comprehensive.TestRecipes" name="test_create_recipe" time="0.040"><failure message="KeyError: 'name'">backend/tests/test_iteration24_comprehensive.py:785: in test_create_recipe
    assert data['name'] == unique_name
           ^^^^^^^^^^^^
E   KeyError: 'name'</failure></testcase><testcase classname="backend.tests.test_iteration24_comprehensive.TestLeaderboard" name="test_get_leaderboard" time="0.042" /><testcase classname="backend.tests.test_iteration24_comprehensive.TestNotifications" name="test_get_notifications" time="0.044" /><testcase classname="backend.tests.test_iteration24_comprehensive.TestMessages" name="test_get_messages" time="0.072" /><testcase classname="backend.tests.test_iteration24_comprehensive.TestMessages" name="test_send_message" time="0.047" /><testcase classname="backend.tests.test_iteration24_comprehensive.TestReadingLogs" name="test_get_reading_logs" time="0.046" /><testcase classname="backend.tests.test_iteration24_comprehensive.TestReadingLogs" name="test_create_reading_log" time="0.044" /></testsuite></testsuites>