<?xml version="1.0" encoding="utf-8"?><testsuites name="pytest tests"><testsuite name="pytest" errors="0" failures="0" skipped="0" tests="13" time="14.578" timestamp="2026-03-26T04:15:34.829931+00:00" hostname="agent-env-f03fc117-dac5-4a1b-846c-3a8e98f194f2"><testcase classname="backend.tests.test_iteration26_achievements.TestHealthAndAuth" name="test_health_endpoint" time="2.144" /><testcase classname="backend.tests.test_iteration26_achievements.TestHealthAndAuth" name="test_dev_login_parent" time="0.328" /><testcase classname="backend.tests.test_iteration26_achievements.TestChildLoginAndSetupWizard" name="test_child_login_success" time="0.141" /><testcase classname="backend.tests.test_iteration26_achievements.TestChildLoginAndSetupWizard" name="test_child_login_invalid_credentials" time="0.152" /><testcase classname="backend.tests.test_iteration26_achievements.TestCustomAchievementsCRUD" name="test_create_custom_achievement" time="0.378" /><testcase classname="backend.tests.test_iteration26_achievements.TestCustomAchievementsCRUD" name="test_get_custom_achievements" time="0.311" /><testcase classname="backend.tests.test_iteration26_achievements.TestCustomAchievementsCRUD" name="test_create_and_delete_achievement" time="1.290" /><testcase classname="backend.tests.test_iteration26_achievements.TestCustomAchievementsCRUD" name="test_award_achievement_to_child" time="1.362" /><testcase classname="backend.tests.test_iteration26_achievements.TestAISuggestions" name="test_ai_suggestions_endpoint" time="6.471" /><testcase classname="backend.tests.test_iteration26_achievements.TestAchievementsPage" name="test_user_achievements" time="0.375" /><testcase classname="backend.tests.test_iteration26_achievements.TestAchievementsPage" name="test_family_achievements" time="0.351" /><testcase classname="backend.tests.test_iteration26_achievements.TestAchievementsPage" name="test_seasonal_achievements" time="0.319" /><testcase classname="backend.tests.test_iteration26_achievements.TestCleanup" name="test_cleanup_test_achievements" time="0.893" /></testsuite></testsuites>