<?xml version="1.0" encoding="utf-8"?><testsuites name="pytest tests"><testsuite name="pytest" errors="0" failures="0" skipped="0" tests="24" time="61.975" timestamp="2026-02-07T01:01:37.062309+00:00" hostname="agent-env-cd3dc0c4-25ce-4dc4-9272-33b66081496b"><testcase classname="backend.tests.test_iteration16_pixie_ai.TestHealthCheck" name="test_health_check_returns_healthy" time="0.073" /><testcase classname="backend.tests.test_iteration16_pixie_ai.TestDevLogin" name="test_dev_login_parent" time="0.069" /><testcase classname="backend.tests.test_iteration16_pixie_ai.TestDevLogin" name="test_dev_login_child" time="0.043" /><testcase classname="backend.tests.test_iteration16_pixie_ai.TestPixieAIAssistant" name="test_pixie_basic_greeting" time="2.150" /><testcase classname="backend.tests.test_iteration16_pixie_ai.TestPixieAIAssistant" name="test_pixie_dinner_suggestion" time="4.017" /><testcase classname="backend.tests.test_iteration16_pixie_ai.TestPixieAIAssistant" name="test_pixie_chore_motivation" time="4.079" /><testcase classname="backend.tests.test_iteration16_pixie_ai.TestPixieAIAssistant" name="test_pixie_homework_help" time="2.390" /><testcase classname="backend.tests.test_iteration16_pixie_ai.TestPixieAIAssistant" name="test_pixie_with_context" time="5.484" /><testcase classname="backend.tests.test_iteration16_pixie_ai.TestPixieAIAssistant" name="test_pixie_requires_auth" time="0.125" /><testcase classname="backend.tests.test_iteration16_pixie_ai.TestAIMealPlan" name="test_meal_plan_basic" time="10.051" /><testcase classname="backend.tests.test_iteration16_pixie_ai.TestAIMealPlan" name="test_meal_plan_with_preferences" time="9.652" /><testcase classname="backend.tests.test_iteration16_pixie_ai.TestAIChoreTips" name="test_chore_tips_basic" time="3.090" /><testcase classname="backend.tests.test_iteration16_pixie_ai.TestAIChoreTips" name="test_chore_tips_different_chore" time="3.794" /><testcase classname="backend.tests.test_iteration16_pixie_ai.TestAIFamilyActivity" name="test_family_activity_basic" time="7.117" /><testcase classname="backend.tests.test_iteration16_pixie_ai.TestAIFamilyActivity" name="test_family_activity_indoor" time="8.375" /><testcase classname="backend.tests.test_iteration16_pixie_ai.TestPointsAdjustment" name="test_add_points" time="0.152" /><testcase classname="backend.tests.test_iteration16_pixie_ai.TestPointsAdjustment" name="test_deduct_points" time="0.215" /><testcase classname="backend.tests.test_iteration16_pixie_ai.TestPointsAdjustment" name="test_child_cannot_modify_points" time="0.137" /><testcase classname="backend.tests.test_iteration16_pixie_ai.TestShoppingList" name="test_add_shopping_item" time="0.110" /><testcase classname="backend.tests.test_iteration16_pixie_ai.TestShoppingList" name="test_get_shopping_list" time="0.118" /><testcase classname="backend.tests.test_iteration16_pixie_ai.TestChores" name="test_list_chores" time="0.136" /><testcase classname="backend.tests.test_iteration16_pixie_ai.TestChores" name="test_create_chore_as_parent" time="0.140" /><testcase classname="backend.tests.test_iteration16_pixie_ai.TestChores" name="test_child_cannot_create_chore" time="0.164" /><testcase classname="backend.tests.test_iteration16_pixie_ai.TestChores" name="test_claim_unassigned_chore" time="0.209" /></testsuite></testsuites>