<?xml version="1.0" encoding="utf-8"?><testsuites name="pytest tests"><testsuite name="pytest" errors="0" failures="0" skipped="0" tests="12" time="6.636" timestamp="2026-03-27T03:25:21.623922+00:00" hostname="agent-env-77e86c82-839a-49d5-b1ac-75206afe9330"><testcase classname="backend.tests.test_iteration_37.TestUserRolesAndAuth" name="test_zachery_login_returns_parent_role" time="0.582" /><testcase classname="backend.tests.test_iteration_37.TestUserRolesAndAuth" name="test_elizabeth_login_returns_parent_role" time="0.154" /><testcase classname="backend.tests.test_iteration_37.TestUserRolesAndAuth" name="test_home_hub_profile_returns_homehub_role" time="0.145" /><testcase classname="backend.tests.test_iteration_37.TestUserRolesAndAuth" name="test_zachery_auth_me_returns_parent_role" time="0.921" /><testcase classname="backend.tests.test_iteration_37.TestUserRolesAndAuth" name="test_elizabeth_auth_me_returns_parent_role" time="0.243" /><testcase classname="backend.tests.test_iteration_37.TestFamilyMemberRoles" name="test_zachery_shows_parent_not_admin_in_family_members" time="0.720" /><testcase classname="backend.tests.test_iteration_37.TestFamilyMemberRoles" name="test_home_hub_shows_homehub_role_in_family_members" time="0.689" /><testcase classname="backend.tests.test_iteration_37.TestHomeHubPageDataAccess" name="test_zachery_can_access_events_for_hub" time="0.645" /><testcase classname="backend.tests.test_iteration_37.TestHomeHubPageDataAccess" name="test_zachery_can_access_chores_for_hub" time="0.558" /><testcase classname="backend.tests.test_iteration_37.TestHomeHubPageDataAccess" name="test_zachery_can_access_shopping_for_hub" time="0.708" /><testcase classname="backend.tests.test_iteration_37.TestHomeHubPageDataAccess" name="test_zachery_can_access_family_members_for_hub" time="0.673" /><testcase classname="backend.tests.test_iteration_37.TestHomeHubPageDataAccess" name="test_zachery_can_access_daily_quote_for_hub" time="0.519" /></testsuite></testsuites>