<?xml version="1.0" encoding="utf-8"?><testsuites name="pytest tests"><testsuite name="pytest" errors="0" failures="0" skipped="0" tests="11" time="7.266" timestamp="2026-03-26T04:56:15.473311+00:00" hostname="agent-env-f03fc117-dac5-4a1b-846c-3a8e98f194f2"><testcase classname="backend.tests.test_iteration28_daily_digest.TestDailyDigestFeature" name="test_health_check" time="0.290" /><testcase classname="backend.tests.test_iteration28_daily_digest.TestDailyDigestFeature" name="test_daily_digest_returns_success" time="0.292" /><testcase classname="backend.tests.test_iteration28_daily_digest.TestDailyDigestFeature" name="test_daily_digest_cached_on_second_call" time="0.359" /><testcase classname="backend.tests.test_iteration28_daily_digest.TestDailyDigestFeature" name="test_proactive_suggestions_still_works" time="4.394" /><testcase classname="backend.tests.test_iteration28_daily_digest.TestDailyDigestFeature" name="test_notifications_unread_count" time="0.317" /><testcase classname="backend.tests.test_iteration28_daily_digest.TestDailyDigestFeature" name="test_notifications_list" time="0.249" /><testcase classname="backend.tests.test_iteration28_daily_digest.TestChildLogin" name="test_child_login" time="0.135" /><testcase classname="backend.tests.test_iteration28_daily_digest.TestExistingFeatures" name="test_chores_endpoint" time="0.242" /><testcase classname="backend.tests.test_iteration28_daily_digest.TestExistingFeatures" name="test_family_wall_endpoint" time="0.290" /><testcase classname="backend.tests.test_iteration28_daily_digest.TestExistingFeatures" name="test_events_endpoint" time="0.309" /><testcase classname="backend.tests.test_iteration28_daily_digest.TestExistingFeatures" name="test_family_members_endpoint" time="0.319" /></testsuite></testsuites>