<?xml version="1.0" encoding="utf-8"?><testsuites name="pytest tests"><testsuite name="pytest" errors="0" failures="0" skipped="0" tests="9" time="59.224" timestamp="2026-02-07T02:14:12.643193+00:00" hostname="agent-env-734266d1-5701-4377-a3d0-bb33a0e30b70"><testcase classname="backend.tests.test_iteration18_features.TestLeaderboardTimeframe" name="test_leaderboard_all_time" time="0.160" /><testcase classname="backend.tests.test_iteration18_features.TestLeaderboardTimeframe" name="test_leaderboard_this_week" time="0.141" /><testcase classname="backend.tests.test_iteration18_features.TestLeaderboardTimeframe" name="test_leaderboard_this_month" time="0.112" /><testcase classname="backend.tests.test_iteration18_features.TestLeaderboardTimeframe" name="test_leaderboard_default_timeframe" time="0.108" /><testcase classname="backend.tests.test_iteration18_features.TestDinnerPlanner" name="test_dinner_suggest" time="7.242" /><testcase classname="backend.tests.test_iteration18_features.TestDinnerPlanner" name="test_weekly_plan_generate" time="15.110" /><testcase classname="backend.tests.test_iteration18_features.TestDinnerPlanner" name="test_weekly_plan_regenerate" time="27.354" /><testcase classname="backend.tests.test_iteration18_features.TestDinnerPlanner" name="test_ai_meal_plan" time="8.867" /><testcase classname="backend.tests.test_iteration18_features.TestHealthCheck" name="test_health" time="0.065" /></testsuite></testsuites>