<?xml version="1.0" encoding="utf-8"?><testsuites name="pytest tests"><testsuite name="pytest" errors="0" failures="0" skipped="0" tests="17" time="26.949" timestamp="2026-03-27T16:41:55.589090+00:00" hostname="agent-env-24de4518-ece9-4445-b879-25e53c29fd03"><testcase classname="backend.tests.test_iteration_43.TestDevLogin" name="test_parent_login" time="0.558" /><testcase classname="backend.tests.test_iteration_43.TestDevLogin" name="test_homehub_login" time="0.112" /><testcase classname="backend.tests.test_iteration_43.TestDevLogin" name="test_elizabeth_login" time="0.121" /><testcase classname="backend.tests.test_iteration_43.TestElizabethVisibility" name="test_elizabeth_in_family_profiles" time="0.372" /><testcase classname="backend.tests.test_iteration_43.TestElizabethVisibility" name="test_elizabeth_in_family_members" time="0.404" /><testcase classname="backend.tests.test_iteration_43.TestPixiePreferencesHomehub" name="test_homehub_always_listening_default" time="0.245" /><testcase classname="backend.tests.test_iteration_43.TestPixiePreferencesHomehub" name="test_save_pixie_preferences" time="0.455" /><testcase classname="backend.tests.test_iteration_43.TestPixieVoiceMode" name="test_pixie_command_with_voice_mode_returns_audio" time="8.143" /><testcase classname="backend.tests.test_iteration_43.TestPixieTTS" name="test_pixie_tts_endpoint" time="3.140" /><testcase classname="backend.tests.test_iteration_43.TestPixieDataAccess" name="test_pixie_reads_calendar" time="2.097" /><testcase classname="backend.tests.test_iteration_43.TestPixieDataAccess" name="test_pixie_checks_pantry" time="2.460" /><testcase classname="backend.tests.test_iteration_43.TestPixieDataAccess" name="test_pixie_reads_chores" time="1.574" /><testcase classname="backend.tests.test_iteration_43.TestPixieActions" name="test_pixie_adds_shopping_item" time="1.931" /><testcase classname="backend.tests.test_iteration_43.TestPixieActions" name="test_pixie_sends_message" time="1.890" /><testcase classname="backend.tests.test_iteration_43.TestPixieHomehubMode" name="test_pixie_homehub_mode_needs_pin" time="1.901" /><testcase classname="backend.tests.test_iteration_43.TestPantryAPI" name="test_pantry_get_items" time="0.534" /><testcase classname="backend.tests.test_iteration_43.TestCleanup" name="test_cleanup_test_shopping_items" time="0.929" /></testsuite></testsuites>