<?xml version="1.0" encoding="utf-8"?><testsuites name="pytest tests"><testsuite name="pytest" errors="0" failures="7" skipped="0" tests="11" time="0.695" timestamp="2026-02-04T03:17:59.609395+00:00" hostname="agent-env-8f90de41-f74b-4c16-8413-7cae11975fee"><testcase classname="backend.tests.test_chore_scheduler.TestChoreTypes" name="test_get_chore_types_authenticated" time="0.106"><failure message="assert 401 == 200&#10; +  where 401 = &lt;Response [401]&gt;.status_code">backend/tests/test_chore_scheduler.py:103: in test_get_chore_types_authenticated
    assert response.status_code == 200
E   assert 401 == 200
E    +  where 401 = &lt;Response [401]&gt;.status_code</failure></testcase><testcase classname="backend.tests.test_chore_scheduler.TestChoreTypes" name="test_get_chore_types_unauthenticated" time="0.039" /><testcase classname="backend.tests.test_chore_scheduler.TestFamilyMembers" name="test_get_family_members" time="0.037"><failure message="assert 401 == 200&#10; +  where 401 = &lt;Response [401]&gt;.status_code">backend/tests/test_chore_scheduler.py:137: in test_get_family_members
    assert response.status_code == 200
E   assert 401 == 200
E    +  where 401 = &lt;Response [401]&gt;.status_code</failure></testcase><testcase classname="backend.tests.test_chore_scheduler.TestChoreCreation" name="test_create_chore_with_schedule" time="0.041"><failure message="assert 401 == 200&#10; +  where 401 = &lt;Response [401]&gt;.status_code">backend/tests/test_chore_scheduler.py:173: in test_create_chore_with_schedule
    assert response.status_code == 200
E   assert 401 == 200
E    +  where 401 = &lt;Response [401]&gt;.status_code</failure></testcase><testcase classname="backend.tests.test_chore_scheduler.TestChoreCreation" name="test_create_chore_with_future_date" time="0.047"><failure message="assert 401 == 200&#10; +  where 401 = &lt;Response [401]&gt;.status_code">backend/tests/test_chore_scheduler.py:199: in test_create_chore_with_future_date
    assert response.status_code == 200
E   assert 401 == 200
E    +  where 401 = &lt;Response [401]&gt;.status_code</failure></testcase><testcase classname="backend.tests.test_chore_scheduler.TestChoreCreation" name="test_create_multiple_chores_same_day" time="0.044"><failure message="assert 401 == 200&#10; +  where 401 = &lt;Response [401]&gt;.status_code">backend/tests/test_chore_scheduler.py:220: in test_create_multiple_chores_same_day
    assert response1.status_code == 200
E   assert 401 == 200
E    +  where 401 = &lt;Response [401]&gt;.status_code</failure></testcase><testcase classname="backend.tests.test_chore_scheduler.TestChoreRetrieval" name="test_get_chores_with_scheduled_date" time="0.042"><failure message="assert 401 == 200&#10; +  where 401 = &lt;Response [401]&gt;.status_code">backend/tests/test_chore_scheduler.py:256: in test_get_chores_with_scheduled_date
    assert response.status_code == 200
E   assert 401 == 200
E    +  where 401 = &lt;Response [401]&gt;.status_code</failure></testcase><testcase classname="backend.tests.test_chore_scheduler.TestChoreSchedulerIntegration" name="test_full_scheduler_workflow" time="0.044"><failure message="assert 401 == 200&#10; +  where 401 = &lt;Response [401]&gt;.status_code">backend/tests/test_chore_scheduler.py:280: in test_full_scheduler_workflow
    assert types_response.status_code == 200
E   assert 401 == 200
E    +  where 401 = &lt;Response [401]&gt;.status_code</failure></testcase><testcase classname="backend.tests.test_chore_scheduler.TestAuthenticationRequired" name="test_chores_requires_auth" time="0.041" /><testcase classname="backend.tests.test_chore_scheduler.TestAuthenticationRequired" name="test_create_chore_requires_auth" time="0.044" /><testcase classname="backend.tests.test_chore_scheduler.TestAuthenticationRequired" name="test_family_members_requires_auth" time="0.044" /></testsuite></testsuites>