<?xml version="1.0" encoding="utf-8"?><testsuites name="pytest tests"><testsuite name="pytest" errors="0" failures="1" skipped="0" tests="16" time="2.279" timestamp="2026-02-04T03:50:28.266893+00:00" hostname="agent-env-8f90de41-f74b-4c16-8413-7cae11975fee"><testcase classname="backend.tests.test_enhancement_batch.TestAIDailyQuote" name="test_get_daily_quote" time="0.079" /><testcase classname="backend.tests.test_enhancement_batch.TestAIDailyQuote" name="test_refresh_daily_quote" time="1.494" /><testcase classname="backend.tests.test_enhancement_batch.TestAIDailyQuote" name="test_daily_quote_requires_auth" time="0.046" /><testcase classname="backend.tests.test_enhancement_batch.TestLiveChatReadReceipts" name="test_send_message" time="0.043" /><testcase classname="backend.tests.test_enhancement_batch.TestLiveChatReadReceipts" name="test_get_messages" time="0.044" /><testcase classname="backend.tests.test_enhancement_batch.TestLiveChatReadReceipts" name="test_mark_message_as_read" time="0.089" /><testcase classname="backend.tests.test_enhancement_batch.TestLiveChatReadReceipts" name="test_messages_require_auth" time="0.036" /><testcase classname="backend.tests.test_enhancement_batch.TestOnlineStatus" name="test_get_family_members" time="0.036" /><testcase classname="backend.tests.test_enhancement_batch.TestOnlineStatus" name="test_get_online_users" time="0.033" /><testcase classname="backend.tests.test_enhancement_batch.TestProfileBackground" name="test_get_user_profile" time="0.045"><failure message="AssertionError: Failed to get user: Internal Server Error&#10;assert 520 == 200&#10; +  where 520 = &lt;Response [520]&gt;.status_code">backend/tests/test_enhancement_batch.py:175: in test_get_user_profile
    assert response.status_code == 200, f"Failed to get user: {response.text}"
E   AssertionError: Failed to get user: Internal Server Error
E   assert 520 == 200
E    +  where 520 = &lt;Response [520]&gt;.status_code</failure></testcase><testcase classname="backend.tests.test_enhancement_batch.TestProfileBackground" name="test_update_user_profile" time="0.040" /><testcase classname="backend.tests.test_enhancement_batch.TestProfileBackground" name="test_upload_profile_picture" time="0.040" /><testcase classname="backend.tests.test_enhancement_batch.TestFamilyWall" name="test_get_family_wall_posts" time="0.034" /><testcase classname="backend.tests.test_enhancement_batch.TestFamilyWall" name="test_create_family_wall_post" time="0.036" /><testcase classname="backend.tests.test_enhancement_batch.TestChoreSchedulerDragDrop" name="test_get_chore_types" time="0.040" /><testcase classname="backend.tests.test_enhancement_batch.TestChoreSchedulerDragDrop" name="test_create_chore_with_date" time="0.035" /></testsuite></testsuites>