<?xml version="1.0" encoding="utf-8"?><testsuites name="pytest tests"><testsuite name="pytest" errors="0" failures="0" skipped="0" tests="11" time="1.778" timestamp="2026-02-04T03:18:50.060122+00:00" hostname="agent-env-8f90de41-f74b-4c16-8413-7cae11975fee"><testcase classname="backend.tests.test_chore_scheduler.TestChoreTypes" name="test_get_chore_types_authenticated" time="0.645" /><testcase classname="backend.tests.test_chore_scheduler.TestChoreTypes" name="test_get_chore_types_unauthenticated" time="0.039" /><testcase classname="backend.tests.test_chore_scheduler.TestFamilyMembers" name="test_get_family_members" time="0.042" /><testcase classname="backend.tests.test_chore_scheduler.TestChoreCreation" name="test_create_chore_with_schedule" time="0.039" /><testcase classname="backend.tests.test_chore_scheduler.TestChoreCreation" name="test_create_chore_with_future_date" time="0.041" /><testcase classname="backend.tests.test_chore_scheduler.TestChoreCreation" name="test_create_multiple_chores_same_day" time="0.158" /><testcase classname="backend.tests.test_chore_scheduler.TestChoreRetrieval" name="test_get_chores_with_scheduled_date" time="0.036" /><testcase classname="backend.tests.test_chore_scheduler.TestChoreSchedulerIntegration" name="test_full_scheduler_workflow" time="0.192" /><testcase classname="backend.tests.test_chore_scheduler.TestAuthenticationRequired" name="test_chores_requires_auth" time="0.042" /><testcase classname="backend.tests.test_chore_scheduler.TestAuthenticationRequired" name="test_create_chore_requires_auth" time="0.035" /><testcase classname="backend.tests.test_chore_scheduler.TestAuthenticationRequired" name="test_family_members_requires_auth" time="0.420" /></testsuite></testsuites>