<?xml version="1.0" encoding="utf-8"?><testsuites name="pytest tests"><testsuite name="pytest" errors="0" failures="0" skipped="0" tests="24" time="10.831" timestamp="2026-02-07T18:27:32.577917+00:00" hostname="agent-env-ba89cbc4-4fb1-4e12-90aa-8b55a948da98"><testcase classname="backend.tests.test_iteration23_sanitize_picture.TestHealthAndAuth" name="test_health_check" time="0.082" /><testcase classname="backend.tests.test_iteration23_sanitize_picture.TestHealthAndAuth" name="test_dev_login_parent" time="0.078" /><testcase classname="backend.tests.test_iteration23_sanitize_picture.TestHealthAndAuth" name="test_dev_login_child" time="0.041" /><testcase classname="backend.tests.test_iteration23_sanitize_picture.TestFamilyMembersSanitization" name="test_get_family_members_returns_200" time="0.139" /><testcase classname="backend.tests.test_iteration23_sanitize_picture.TestFamilyMembersSanitization" name="test_family_members_pictures_sanitized" time="0.146" /><testcase classname="backend.tests.test_iteration23_sanitize_picture.TestChoresSanitization" name="test_get_chores_returns_200" time="0.108" /><testcase classname="backend.tests.test_iteration23_sanitize_picture.TestChoresSanitization" name="test_chores_assignee_pictures_sanitized" time="0.120" /><testcase classname="backend.tests.test_iteration23_sanitize_picture.TestFamilyWallSanitization" name="test_get_family_wall_returns_200" time="0.139" /><testcase classname="backend.tests.test_iteration23_sanitize_picture.TestFamilyWallSanitization" name="test_family_wall_author_pictures_sanitized" time="0.128" /><testcase classname="backend.tests.test_iteration23_sanitize_picture.TestMessagesSanitization" name="test_get_messages_returns_200" time="0.115" /><testcase classname="backend.tests.test_iteration23_sanitize_picture.TestMessagesSanitization" name="test_messages_user_pictures_sanitized" time="0.114" /><testcase classname="backend.tests.test_iteration23_sanitize_picture.TestEventsSanitization" name="test_get_events_returns_200" time="0.112" /><testcase classname="backend.tests.test_iteration23_sanitize_picture.TestEventsSanitization" name="test_events_creator_pictures_sanitized" time="0.108" /><testcase classname="backend.tests.test_iteration23_sanitize_picture.TestTasksSanitization" name="test_get_tasks_returns_200" time="0.101" /><testcase classname="backend.tests.test_iteration23_sanitize_picture.TestLeaderboardSanitization" name="test_get_leaderboard_returns_200" time="0.109" /><testcase classname="backend.tests.test_iteration23_sanitize_picture.TestLeaderboardSanitization" name="test_leaderboard_pictures_sanitized" time="0.109" /><testcase classname="backend.tests.test_iteration23_sanitize_picture.TestPixieAI" name="test_pixie_basic_message" time="2.722" /><testcase classname="backend.tests.test_iteration23_sanitize_picture.TestPixieAI" name="test_pixie_activity_suggestion" time="5.494" /><testcase classname="backend.tests.test_iteration23_sanitize_picture.TestFirebaseAuth" name="test_firebase_login_with_valid_user_data" time="0.064" /><testcase classname="backend.tests.test_iteration23_sanitize_picture.TestFirebaseAuth" name="test_firebase_login_missing_user_data" time="0.078" /><testcase classname="backend.tests.test_iteration23_sanitize_picture.TestFirebaseAuth" name="test_firebase_login_missing_email" time="0.039" /><testcase classname="backend.tests.test_iteration23_sanitize_picture.TestFirebaseAuth" name="test_firebase_signup_new_user" time="0.038" /><testcase classname="backend.tests.test_iteration23_sanitize_picture.TestFirebaseAuth" name="test_firebase_signup_duplicate_email" time="0.080" /><testcase classname="backend.tests.test_iteration23_sanitize_picture.TestResponseTimes" name="test_all_endpoints_respond_quickly" time="0.363" /></testsuite></testsuites>