<?xml version="1.0" encoding="utf-8"?><testsuites name="pytest tests"><testsuite name="pytest" errors="0" failures="0" skipped="0" tests="17" time="18.516" timestamp="2026-02-04T00:59:24.444202+00:00" hostname="agent-env-451ac71f-d366-4fe0-b7a6-938af9ba20d3"><testcase classname="backend.tests.test_iteration4_features.TestAuthAndBasics" name="test_auth_me_returns_user" time="0.059" /><testcase classname="backend.tests.test_iteration4_features.TestOnboardingEndpoints" name="test_get_onboarding_steps" time="0.034" /><testcase classname="backend.tests.test_iteration4_features.TestOnboardingEndpoints" name="test_complete_onboarding" time="0.033" /><testcase classname="backend.tests.test_iteration4_features.TestOnboardingEndpoints" name="test_reset_onboarding" time="0.038" /><testcase classname="backend.tests.test_iteration4_features.TestOnboardingEndpoints" name="test_onboarding_steps_after_reset" time="0.050" /><testcase classname="backend.tests.test_iteration4_features.TestDinnerPlannerEndpoints" name="test_get_dinner_plans" time="0.043" /><testcase classname="backend.tests.test_iteration4_features.TestDinnerPlannerEndpoints" name="test_create_weekly_meal_plan" time="11.837" /><testcase classname="backend.tests.test_iteration4_features.TestDinnerPlannerEndpoints" name="test_dinner_suggest" time="5.953" /><testcase classname="backend.tests.test_iteration4_features.TestProfilePictureUpload" name="test_upload_profile_picture" time="0.056" /><testcase classname="backend.tests.test_iteration4_features.TestProfilePictureUpload" name="test_upload_background_picture" time="0.041" /><testcase classname="backend.tests.test_iteration4_features.TestProfilePictureUpload" name="test_upload_picture_no_image" time="0.041" /><testcase classname="backend.tests.test_iteration4_features.TestProfilePictureUpload" name="test_upload_picture_unauthorized" time="0.001" /><testcase classname="backend.tests.test_iteration4_features.TestOnlineFamilyMembers" name="test_get_online_members" time="0.036" /><testcase classname="backend.tests.test_iteration4_features.TestMessagesEndpoints" name="test_get_messages" time="0.042" /><testcase classname="backend.tests.test_iteration4_features.TestMessagesEndpoints" name="test_send_message" time="0.037" /><testcase classname="backend.tests.test_iteration4_features.TestMessagesEndpoints" name="test_mark_message_read" time="0.090" /><testcase classname="backend.tests.test_iteration4_features.TestFamilyMembersEndpoint" name="test_get_family_members" time="0.057" /></testsuite></testsuites>